d:\visual studio repos\cuda\cuda\x64\release\vc141.pdb
d:\visual studio repos\cuda\cuda\x64\release\tinyxmlparser.obj
d:\visual studio repos\cuda\cuda\x64\release\tinyxmlerror.obj
d:\visual studio repos\cuda\cuda\x64\release\tinyxml.obj
d:\visual studio repos\cuda\cuda\x64\release\tinystr.obj
d:\visual studio repos\cuda\cuda\x64\release\sceneparser.obj
d:\visual studio repos\cuda\cuda\x64\release\ppm.obj
d:\visual studio repos\cuda\cuda\x64\release\main.obj
d:\visual studio repos\cuda\cuda\x64\release\xml_generator.obj
d:\visual studio repos\cuda\cuda\x64\release\camera.obj
d:\visual studio repos\cuda\cuda\x64\release\myglcanvas.obj
d:\visual studio repos\cuda\x64\release\cuda.ipdb
d:\visual studio repos\cuda\x64\release\cuda.iobj
x64\release\cu_main.cu.obj
d:\visual studio repos\cuda\x64\release\cuda.exe
d:\visual studio repos\cuda\x64\release\cuda.pdb
d:\visual studio repos\cuda\cuda\x64\release\cu_main.cu.cache
d:\visual studio repos\cuda\cuda\x64\release\cu_main.cu.obj
d:\visual studio repos\cuda\cuda\x64\release\cuda.tlog\cl.command.1.tlog
d:\visual studio repos\cuda\cuda\x64\release\cuda.tlog\cl.read.1.tlog
d:\visual studio repos\cuda\cuda\x64\release\cuda.tlog\cl.write.1.tlog
d:\visual studio repos\cuda\cuda\x64\release\cuda.tlog\cuda.write.1u.tlog
d:\visual studio repos\cuda\cuda\x64\release\cuda.tlog\cudacompile.read.1u.tlog
d:\visual studio repos\cuda\cuda\x64\release\cuda.tlog\cudacompile.write.1u.tlog
d:\visual studio repos\cuda\cuda\x64\release\cuda.tlog\link.command.1.tlog
d:\visual studio repos\cuda\cuda\x64\release\cuda.tlog\link.read.1.tlog
d:\visual studio repos\cuda\cuda\x64\release\cuda.tlog\link.write.1.tlog
