  Camera.cpp
d:\windows kits\10\include\10.0.17763.0\um\gl\gl.h(1157): error C2144: syntax error: 'void' should be preceded by ';'
d:\windows kits\10\include\10.0.17763.0\um\gl\gl.h(1157): error C4430: missing type specifier - int assumed. Note: C++ does not support default-int
d:\windows kits\10\include\10.0.17763.0\um\gl\gl.h(1158): error C2144: syntax error: 'void' should be preceded by ';'
d:\windows kits\10\include\10.0.17763.0\um\gl\gl.h(1158): error C4430: missing type specifier - int assumed. Note: C++ does not support default-int
d:\windows kits\10\include\10.0.17763.0\um\gl\gl.h(1158): error C2086: 'int WINGDIAPI': redefinition
  d:\windows kits\10\include\10.0.17763.0\um\gl\gl.h(1157): note: see declaration of 'WINGDIAPI'
d:\windows kits\10\include\10.0.17763.0\um\gl\gl.h(1159): error C4430: missing type specifier - int assumed. Note: C++ does not support default-int
d:\windows kits\10\include\10.0.17763.0\um\gl\gl.h(1159): error C2086: 'int WINGDIAPI': redefinition
  d:\windows kits\10\include\10.0.17763.0\um\gl\gl.h(1157): note: see declaration of 'WINGDIAPI'
d:\windows kits\10\include\10.0.17763.0\um\gl\gl.h(1159): error C2146: syntax error: missing ';' before identifier 'GLboolean'
d:\windows kits\10\include\10.0.17763.0\um\gl\gl.h(1160): error C2144: syntax error: 'void' should be preceded by ';'
d:\windows kits\10\include\10.0.17763.0\um\gl\gl.h(1160): error C4430: missing type specifier - int assumed. Note: C++ does not support default-int
d:\windows kits\10\include\10.0.17763.0\um\gl\gl.h(1160): error C2086: 'int WINGDIAPI': redefinition
  d:\windows kits\10\include\10.0.17763.0\um\gl\gl.h(1157): note: see declaration of 'WINGDIAPI'
d:\windows kits\10\include\10.0.17763.0\um\gl\gl.h(1161): error C2144: syntax error: 'void' should be preceded by ';'
d:\windows kits\10\include\10.0.17763.0\um\gl\gl.h(1161): error C4430: missing type specifier - int assumed. Note: C++ does not support default-int
d:\windows kits\10\include\10.0.17763.0\um\gl\gl.h(1161): error C2086: 'int WINGDIAPI': redefinition
  d:\windows kits\10\include\10.0.17763.0\um\gl\gl.h(1157): note: see declaration of 'WINGDIAPI'
d:\windows kits\10\include\10.0.17763.0\um\gl\gl.h(1162): error C2144: syntax error: 'void' should be preceded by ';'
d:\windows kits\10\include\10.0.17763.0\um\gl\gl.h(1162): error C4430: missing type specifier - int assumed. Note: C++ does not support default-int
d:\windows kits\10\include\10.0.17763.0\um\gl\gl.h(1162): error C2086: 'int WINGDIAPI': redefinition
  d:\windows kits\10\include\10.0.17763.0\um\gl\gl.h(1157): note: see declaration of 'WINGDIAPI'
d:\windows kits\10\include\10.0.17763.0\um\gl\gl.h(1163): error C2144: syntax error: 'void' should be preceded by ';'
d:\windows kits\10\include\10.0.17763.0\um\gl\gl.h(1163): error C4430: missing type specifier - int assumed. Note: C++ does not support default-int
d:\windows kits\10\include\10.0.17763.0\um\gl\gl.h(1163): error C2086: 'int WINGDIAPI': redefinition
  d:\windows kits\10\include\10.0.17763.0\um\gl\gl.h(1157): note: see declaration of 'WINGDIAPI'
d:\windows kits\10\include\10.0.17763.0\um\gl\gl.h(1164): error C2144: syntax error: 'void' should be preceded by ';'
d:\windows kits\10\include\10.0.17763.0\um\gl\gl.h(1164): error C4430: missing type specifier - int assumed. Note: C++ does not support default-int
d:\windows kits\10\include\10.0.17763.0\um\gl\gl.h(1164): error C2086: 'int WINGDIAPI': redefinition
  d:\windows kits\10\include\10.0.17763.0\um\gl\gl.h(1157): note: see declaration of 'WINGDIAPI'
d:\windows kits\10\include\10.0.17763.0\um\gl\gl.h(1165): error C2144: syntax error: 'void' should be preceded by ';'
d:\windows kits\10\include\10.0.17763.0\um\gl\gl.h(1165): error C4430: missing type specifier - int assumed. Note: C++ does not support default-int
d:\windows kits\10\include\10.0.17763.0\um\gl\gl.h(1165): error C2086: 'int WINGDIAPI': redefinition
  d:\windows kits\10\include\10.0.17763.0\um\gl\gl.h(1157): note: see declaration of 'WINGDIAPI'
d:\windows kits\10\include\10.0.17763.0\um\gl\gl.h(1166): error C2144: syntax error: 'void' should be preceded by ';'
d:\windows kits\10\include\10.0.17763.0\um\gl\gl.h(1166): error C4430: missing type specifier - int assumed. Note: C++ does not support default-int
d:\windows kits\10\include\10.0.17763.0\um\gl\gl.h(1166): error C2086: 'int WINGDIAPI': redefinition
  d:\windows kits\10\include\10.0.17763.0\um\gl\gl.h(1157): note: see declaration of 'WINGDIAPI'
d:\windows kits\10\include\10.0.17763.0\um\gl\gl.h(1167): error C2144: syntax error: 'void' should be preceded by ';'
d:\windows kits\10\include\10.0.17763.0\um\gl\gl.h(1167): error C4430: missing type specifier - int assumed. Note: C++ does not support default-int
d:\windows kits\10\include\10.0.17763.0\um\gl\gl.h(1167): error C2086: 'int WINGDIAPI': redefinition
  d:\windows kits\10\include\10.0.17763.0\um\gl\gl.h(1157): note: see declaration of 'WINGDIAPI'
d:\windows kits\10\include\10.0.17763.0\um\gl\gl.h(1168): error C2144: syntax error: 'void' should be preceded by ';'
d:\windows kits\10\include\10.0.17763.0\um\gl\gl.h(1168): error C4430: missing type specifier - int assumed. Note: C++ does not support default-int
d:\windows kits\10\include\10.0.17763.0\um\gl\gl.h(1168): error C2086: 'int WINGDIAPI': redefinition
  d:\windows kits\10\include\10.0.17763.0\um\gl\gl.h(1157): note: see declaration of 'WINGDIAPI'
d:\windows kits\10\include\10.0.17763.0\um\gl\gl.h(1169): error C2144: syntax error: 'void' should be preceded by ';'
d:\windows kits\10\include\10.0.17763.0\um\gl\gl.h(1169): error C4430: missing type specifier - int assumed. Note: C++ does not support default-int
d:\windows kits\10\include\10.0.17763.0\um\gl\gl.h(1169): error C2086: 'int WINGDIAPI': redefinition
  d:\windows kits\10\include\10.0.17763.0\um\gl\gl.h(1157): note: see declaration of 'WINGDIAPI'
d:\windows kits\10\include\10.0.17763.0\um\gl\gl.h(1170): error C2144: syntax error: 'void' should be preceded by ';'
d:\windows kits\10\include\10.0.17763.0\um\gl\gl.h(1170): error C4430: missing type specifier - int assumed. Note: C++ does not support default-int
d:\windows kits\10\include\10.0.17763.0\um\gl\gl.h(1170): error C2086: 'int WINGDIAPI': redefinition
  d:\windows kits\10\include\10.0.17763.0\um\gl\gl.h(1157): note: see declaration of 'WINGDIAPI'
d:\windows kits\10\include\10.0.17763.0\um\gl\gl.h(1171): error C2144: syntax error: 'void' should be preceded by ';'
d:\windows kits\10\include\10.0.17763.0\um\gl\gl.h(1171): error C4430: missing type specifier - int assumed. Note: C++ does not support default-int
d:\windows kits\10\include\10.0.17763.0\um\gl\gl.h(1171): error C2086: 'int WINGDIAPI': redefinition
  d:\windows kits\10\include\10.0.17763.0\um\gl\gl.h(1157): note: see declaration of 'WINGDIAPI'
d:\windows kits\10\include\10.0.17763.0\um\gl\gl.h(1172): error C2144: syntax error: 'void' should be preceded by ';'
d:\windows kits\10\include\10.0.17763.0\um\gl\gl.h(1172): error C4430: missing type specifier - int assumed. Note: C++ does not support default-int
d:\windows kits\10\include\10.0.17763.0\um\gl\gl.h(1172): error C2086: 'int WINGDIAPI': redefinition
  d:\windows kits\10\include\10.0.17763.0\um\gl\gl.h(1157): note: see declaration of 'WINGDIAPI'
d:\windows kits\10\include\10.0.17763.0\um\gl\gl.h(1173): error C2144: syntax error: 'void' should be preceded by ';'
d:\windows kits\10\include\10.0.17763.0\um\gl\gl.h(1173): error C4430: missing type specifier - int assumed. Note: C++ does not support default-int
d:\windows kits\10\include\10.0.17763.0\um\gl\gl.h(1173): error C2086: 'int WINGDIAPI': redefinition
  d:\windows kits\10\include\10.0.17763.0\um\gl\gl.h(1157): note: see declaration of 'WINGDIAPI'
d:\windows kits\10\include\10.0.17763.0\um\gl\gl.h(1174): error C2144: syntax error: 'void' should be preceded by ';'
d:\windows kits\10\include\10.0.17763.0\um\gl\gl.h(1174): error C4430: missing type specifier - int assumed. Note: C++ does not support default-int
d:\windows kits\10\include\10.0.17763.0\um\gl\gl.h(1174): error C2086: 'int WINGDIAPI': redefinition
  d:\windows kits\10\include\10.0.17763.0\um\gl\gl.h(1157): note: see declaration of 'WINGDIAPI'
d:\windows kits\10\include\10.0.17763.0\um\gl\gl.h(1175): error C2144: syntax error: 'void' should be preceded by ';'
d:\windows kits\10\include\10.0.17763.0\um\gl\gl.h(1175): error C4430: missing type specifier - int assumed. Note: C++ does not support default-int
d:\windows kits\10\include\10.0.17763.0\um\gl\gl.h(1175): error C2086: 'int WINGDIAPI': redefinition
  d:\windows kits\10\include\10.0.17763.0\um\gl\gl.h(1157): note: see declaration of 'WINGDIAPI'
d:\windows kits\10\include\10.0.17763.0\um\gl\gl.h(1176): error C2144: syntax error: 'void' should be preceded by ';'
d:\windows kits\10\include\10.0.17763.0\um\gl\gl.h(1176): error C4430: missing type specifier - int assumed. Note: C++ does not support default-int
d:\windows kits\10\include\10.0.17763.0\um\gl\gl.h(1176): error C2086: 'int WINGDIAPI': redefinition
  d:\windows kits\10\include\10.0.17763.0\um\gl\gl.h(1157): note: see declaration of 'WINGDIAPI'
d:\windows kits\10\include\10.0.17763.0\um\gl\gl.h(1177): error C2144: syntax error: 'void' should be preceded by ';'
d:\windows kits\10\include\10.0.17763.0\um\gl\gl.h(1177): error C4430: missing type specifier - int assumed. Note: C++ does not support default-int
d:\windows kits\10\include\10.0.17763.0\um\gl\gl.h(1177): error C2086: 'int WINGDIAPI': redefinition
  d:\windows kits\10\include\10.0.17763.0\um\gl\gl.h(1157): note: see declaration of 'WINGDIAPI'
d:\windows kits\10\include\10.0.17763.0\um\gl\gl.h(1178): error C2144: syntax error: 'void' should be preceded by ';'
d:\windows kits\10\include\10.0.17763.0\um\gl\gl.h(1178): error C4430: missing type specifier - int assumed. Note: C++ does not support default-int
d:\windows kits\10\include\10.0.17763.0\um\gl\gl.h(1178): error C2086: 'int WINGDIAPI': redefinition
  d:\windows kits\10\include\10.0.17763.0\um\gl\gl.h(1157): note: see declaration of 'WINGDIAPI'
d:\windows kits\10\include\10.0.17763.0\um\gl\gl.h(1179): error C2144: syntax error: 'void' should be preceded by ';'
d:\windows kits\10\include\10.0.17763.0\um\gl\gl.h(1179): error C4430: missing type specifier - int assumed. Note: C++ does not support default-int
d:\windows kits\10\include\10.0.17763.0\um\gl\gl.h(1179): error C2086: 'int WINGDIAPI': redefinition
  d:\windows kits\10\include\10.0.17763.0\um\gl\gl.h(1157): note: see declaration of 'WINGDIAPI'
d:\windows kits\10\include\10.0.17763.0\um\gl\gl.h(1180): error C2144: syntax error: 'void' should be preceded by ';'
d:\windows kits\10\include\10.0.17763.0\um\gl\gl.h(1180): error C4430: missing type specifier - int assumed. Note: C++ does not support default-int
d:\windows kits\10\include\10.0.17763.0\um\gl\gl.h(1180): error C2086: 'int WINGDIAPI': redefinition
  d:\windows kits\10\include\10.0.17763.0\um\gl\gl.h(1157): note: see declaration of 'WINGDIAPI'
d:\windows kits\10\include\10.0.17763.0\um\gl\gl.h(1181): error C2144: syntax error: 'void' should be preceded by ';'
d:\windows kits\10\include\10.0.17763.0\um\gl\gl.h(1181): error C4430: missing type specifier - int assumed. Note: C++ does not support default-int
d:\windows kits\10\include\10.0.17763.0\um\gl\gl.h(1181): error C2086: 'int WINGDIAPI': redefinition
  d:\windows kits\10\include\10.0.17763.0\um\gl\gl.h(1157): note: see declaration of 'WINGDIAPI'
d:\windows kits\10\include\10.0.17763.0\um\gl\gl.h(1182): error C2144: syntax error: 'void' should be preceded by ';'
d:\windows kits\10\include\10.0.17763.0\um\gl\gl.h(1182): error C4430: missing type specifier - int assumed. Note: C++ does not support default-int
d:\windows kits\10\include\10.0.17763.0\um\gl\gl.h(1182): error C2086: 'int WINGDIAPI': redefinition
  d:\windows kits\10\include\10.0.17763.0\um\gl\gl.h(1157): note: see declaration of 'WINGDIAPI'
d:\windows kits\10\include\10.0.17763.0\um\gl\gl.h(1183): error C2144: syntax error: 'void' should be preceded by ';'
d:\windows kits\10\include\10.0.17763.0\um\gl\gl.h(1183): error C4430: missing type specifier - int assumed. Note: C++ does not support default-int
d:\windows kits\10\include\10.0.17763.0\um\gl\gl.h(1183): error C2086: 'int WINGDIAPI': redefinition
  d:\windows kits\10\include\10.0.17763.0\um\gl\gl.h(1157): note: see declaration of 'WINGDIAPI'
d:\windows kits\10\include\10.0.17763.0\um\gl\gl.h(1184): error C2144: syntax error: 'void' should be preceded by ';'
d:\windows kits\10\include\10.0.17763.0\um\gl\gl.h(1184): error C4430: missing type specifier - int assumed. Note: C++ does not support default-int
d:\windows kits\10\include\10.0.17763.0\um\gl\gl.h(1184): error C2086: 'int WINGDIAPI': redefinition
  d:\windows kits\10\include\10.0.17763.0\um\gl\gl.h(1157): note: see declaration of 'WINGDIAPI'
d:\windows kits\10\include\10.0.17763.0\um\gl\gl.h(1185): error C2144: syntax error: 'void' should be preceded by ';'
d:\windows kits\10\include\10.0.17763.0\um\gl\gl.h(1185): error C4430: missing type specifier - int assumed. Note: C++ does not support default-int
d:\windows kits\10\include\10.0.17763.0\um\gl\gl.h(1185): error C2086: 'int WINGDIAPI': redefinition
  d:\windows kits\10\include\10.0.17763.0\um\gl\gl.h(1157): note: see declaration of 'WINGDIAPI'
d:\windows kits\10\include\10.0.17763.0\um\gl\gl.h(1186): error C2144: syntax error: 'void' should be preceded by ';'
d:\windows kits\10\include\10.0.17763.0\um\gl\gl.h(1186): error C4430: missing type specifier - int assumed. Note: C++ does not support default-int
d:\windows kits\10\include\10.0.17763.0\um\gl\gl.h(1186): error C2086: 'int WINGDIAPI': redefinition
  d:\windows kits\10\include\10.0.17763.0\um\gl\gl.h(1157): note: see declaration of 'WINGDIAPI'
d:\windows kits\10\include\10.0.17763.0\um\gl\gl.h(1187): error C2144: syntax error: 'void' should be preceded by ';'
d:\windows kits\10\include\10.0.17763.0\um\gl\gl.h(1187): error C4430: missing type specifier - int assumed. Note: C++ does not support default-int
d:\windows kits\10\include\10.0.17763.0\um\gl\gl.h(1187): error C2086: 'int WINGDIAPI': redefinition
  d:\windows kits\10\include\10.0.17763.0\um\gl\gl.h(1157): note: see declaration of 'WINGDIAPI'
d:\windows kits\10\include\10.0.17763.0\um\gl\gl.h(1188): error C2144: syntax error: 'void' should be preceded by ';'
d:\windows kits\10\include\10.0.17763.0\um\gl\gl.h(1188): error C4430: missing type specifier - int assumed. Note: C++ does not support default-int
d:\windows kits\10\include\10.0.17763.0\um\gl\gl.h(1188): error C2086: 'int WINGDIAPI': redefinition
  d:\windows kits\10\include\10.0.17763.0\um\gl\gl.h(1157): note: see declaration of 'WINGDIAPI'
d:\windows kits\10\include\10.0.17763.0\um\gl\gl.h(1189): error C2144: syntax error: 'void' should be preceded by ';'
d:\windows kits\10\include\10.0.17763.0\um\gl\gl.h(1189): error C4430: missing type specifier - int assumed. Note: C++ does not support default-int
d:\windows kits\10\include\10.0.17763.0\um\gl\gl.h(1189): error C2086: 'int WINGDIAPI': redefinition
  d:\windows kits\10\include\10.0.17763.0\um\gl\gl.h(1157): note: see declaration of 'WINGDIAPI'
d:\windows kits\10\include\10.0.17763.0\um\gl\gl.h(1190): error C2144: syntax error: 'void' should be preceded by ';'
d:\windows kits\10\include\10.0.17763.0\um\gl\gl.h(1190): error C4430: missing type specifier - int assumed. Note: C++ does not support default-int
d:\windows kits\10\include\10.0.17763.0\um\gl\gl.h(1190): error C2086: 'int WINGDIAPI': redefinition
  d:\windows kits\10\include\10.0.17763.0\um\gl\gl.h(1157): note: see declaration of 'WINGDIAPI'
d:\windows kits\10\include\10.0.17763.0\um\gl\gl.h(1191): error C2144: syntax error: 'void' should be preceded by ';'
d:\windows kits\10\include\10.0.17763.0\um\gl\gl.h(1191): error C4430: missing type specifier - int assumed. Note: C++ does not support default-int
d:\windows kits\10\include\10.0.17763.0\um\gl\gl.h(1191): error C2086: 'int WINGDIAPI': redefinition
  d:\windows kits\10\include\10.0.17763.0\um\gl\gl.h(1157): note: see declaration of 'WINGDIAPI'
d:\windows kits\10\include\10.0.17763.0\um\gl\gl.h(1192): error C2144: syntax error: 'void' should be preceded by ';'
d:\windows kits\10\include\10.0.17763.0\um\gl\gl.h(1192): error C4430: missing type specifier - int assumed. Note: C++ does not support default-int
d:\windows kits\10\include\10.0.17763.0\um\gl\gl.h(1192): error C2086: 'int WINGDIAPI': redefinition
  d:\windows kits\10\include\10.0.17763.0\um\gl\gl.h(1157): note: see declaration of 'WINGDIAPI'
d:\windows kits\10\include\10.0.17763.0\um\gl\gl.h(1193): error C2144: syntax error: 'void' should be preceded by ';'
d:\windows kits\10\include\10.0.17763.0\um\gl\gl.h(1193): error C4430: missing type specifier - int assumed. Note: C++ does not support default-int
d:\windows kits\10\include\10.0.17763.0\um\gl\gl.h(1193): error C2086: 'int WINGDIAPI': redefinition
  d:\windows kits\10\include\10.0.17763.0\um\gl\gl.h(1157): note: see declaration of 'WINGDIAPI'
d:\windows kits\10\include\10.0.17763.0\um\gl\gl.h(1194): error C2144: syntax error: 'void' should be preceded by ';'
d:\windows kits\10\include\10.0.17763.0\um\gl\gl.h(1194): error C4430: missing type specifier - int assumed. Note: C++ does not support default-int
d:\windows kits\10\include\10.0.17763.0\um\gl\gl.h(1194): error C2086: 'int WINGDIAPI': redefinition
  d:\windows kits\10\include\10.0.17763.0\um\gl\gl.h(1157): note: see declaration of 'WINGDIAPI'
d:\windows kits\10\include\10.0.17763.0\um\gl\gl.h(1195): error C2144: syntax error: 'void' should be preceded by ';'
d:\windows kits\10\include\10.0.17763.0\um\gl\gl.h(1195): error C4430: missing type specifier - int assumed. Note: C++ does not support default-int
d:\windows kits\10\include\10.0.17763.0\um\gl\gl.h(1195): error C2086: 'int WINGDIAPI': redefinition
  d:\windows kits\10\include\10.0.17763.0\um\gl\gl.h(1157): note: see declaration of 'WINGDIAPI'
d:\windows kits\10\include\10.0.17763.0\um\gl\gl.h(1196): error C2144: syntax error: 'void' should be preceded by ';'
d:\windows kits\10\include\10.0.17763.0\um\gl\gl.h(1196): error C4430: missing type specifier - int assumed. Note: C++ does not support default-int
d:\windows kits\10\include\10.0.17763.0\um\gl\gl.h(1196): error C2086: 'int WINGDIAPI': redefinition
  d:\windows kits\10\include\10.0.17763.0\um\gl\gl.h(1157): note: see declaration of 'WINGDIAPI'
d:\windows kits\10\include\10.0.17763.0\um\gl\gl.h(1197): error C2144: syntax error: 'void' should be preceded by ';'
d:\windows kits\10\include\10.0.17763.0\um\gl\gl.h(1197): error C4430: missing type specifier - int assumed. Note: C++ does not support default-int
d:\windows kits\10\include\10.0.17763.0\um\gl\gl.h(1197): error C2086: 'int WINGDIAPI': redefinition
  d:\windows kits\10\include\10.0.17763.0\um\gl\gl.h(1157): note: see declaration of 'WINGDIAPI'
d:\windows kits\10\include\10.0.17763.0\um\gl\gl.h(1198): error C2144: syntax error: 'void' should be preceded by ';'
d:\windows kits\10\include\10.0.17763.0\um\gl\gl.h(1198): error C4430: missing type specifier - int assumed. Note: C++ does not support default-int
d:\windows kits\10\include\10.0.17763.0\um\gl\gl.h(1198): error C2086: 'int WINGDIAPI': redefinition
  d:\windows kits\10\include\10.0.17763.0\um\gl\gl.h(1157): note: see declaration of 'WINGDIAPI'
d:\windows kits\10\include\10.0.17763.0\um\gl\gl.h(1199): error C2144: syntax error: 'void' should be preceded by ';'
d:\windows kits\10\include\10.0.17763.0\um\gl\gl.h(1199): error C4430: missing type specifier - int assumed. Note: C++ does not support default-int
d:\windows kits\10\include\10.0.17763.0\um\gl\gl.h(1199): error C2086: 'int WINGDIAPI': redefinition
  d:\windows kits\10\include\10.0.17763.0\um\gl\gl.h(1157): note: see declaration of 'WINGDIAPI'
d:\windows kits\10\include\10.0.17763.0\um\gl\gl.h(1200): error C2144: syntax error: 'void' should be preceded by ';'
d:\windows kits\10\include\10.0.17763.0\um\gl\gl.h(1200): error C4430: missing type specifier - int assumed. Note: C++ does not support default-int
d:\windows kits\10\include\10.0.17763.0\um\gl\gl.h(1200): error C2086: 'int WINGDIAPI': redefinition
  d:\windows kits\10\include\10.0.17763.0\um\gl\gl.h(1157): note: see declaration of 'WINGDIAPI'
d:\windows kits\10\include\10.0.17763.0\um\gl\gl.h(1201): error C2144: syntax error: 'void' should be preceded by ';'
d:\windows kits\10\include\10.0.17763.0\um\gl\gl.h(1201): error C4430: missing type specifier - int assumed. Note: C++ does not support default-int
d:\windows kits\10\include\10.0.17763.0\um\gl\gl.h(1201): error C2086: 'int WINGDIAPI': redefinition
  d:\windows kits\10\include\10.0.17763.0\um\gl\gl.h(1157): note: see declaration of 'WINGDIAPI'
d:\windows kits\10\include\10.0.17763.0\um\gl\gl.h(1202): error C2144: syntax error: 'void' should be preceded by ';'
d:\windows kits\10\include\10.0.17763.0\um\gl\gl.h(1202): error C4430: missing type specifier - int assumed. Note: C++ does not support default-int
d:\windows kits\10\include\10.0.17763.0\um\gl\gl.h(1202): error C2086: 'int WINGDIAPI': redefinition
  d:\windows kits\10\include\10.0.17763.0\um\gl\gl.h(1157): note: see declaration of 'WINGDIAPI'
d:\windows kits\10\include\10.0.17763.0\um\gl\gl.h(1203): error C2144: syntax error: 'void' should be preceded by ';'
d:\windows kits\10\include\10.0.17763.0\um\gl\gl.h(1203): error C4430: missing type specifier - int assumed. Note: C++ does not support default-int
d:\windows kits\10\include\10.0.17763.0\um\gl\gl.h(1203): error C2086: 'int WINGDIAPI': redefinition
  d:\windows kits\10\include\10.0.17763.0\um\gl\gl.h(1157): note: see declaration of 'WINGDIAPI'
d:\windows kits\10\include\10.0.17763.0\um\gl\gl.h(1204): error C2144: syntax error: 'void' should be preceded by ';'
d:\windows kits\10\include\10.0.17763.0\um\gl\gl.h(1204): error C4430: missing type specifier - int assumed. Note: C++ does not support default-int
d:\windows kits\10\include\10.0.17763.0\um\gl\gl.h(1204): error C2086: 'int WINGDIAPI': redefinition
  d:\windows kits\10\include\10.0.17763.0\um\gl\gl.h(1157): note: see declaration of 'WINGDIAPI'
d:\windows kits\10\include\10.0.17763.0\um\gl\gl.h(1205): error C2144: syntax error: 'void' should be preceded by ';'
d:\windows kits\10\include\10.0.17763.0\um\gl\gl.h(1205): error C4430: missing type specifier - int assumed. Note: C++ does not support default-int
d:\windows kits\10\include\10.0.17763.0\um\gl\gl.h(1205): error C2086: 'int WINGDIAPI': redefinition
  d:\windows kits\10\include\10.0.17763.0\um\gl\gl.h(1157): note: see declaration of 'WINGDIAPI'
d:\windows kits\10\include\10.0.17763.0\um\gl\gl.h(1206): error C2144: syntax error: 'void' should be preceded by ';'
d:\windows kits\10\include\10.0.17763.0\um\gl\gl.h(1206): error C4430: missing type specifier - int assumed. Note: C++ does not support default-int
d:\windows kits\10\include\10.0.17763.0\um\gl\gl.h(1206): error C2086: 'int WINGDIAPI': redefinition
  d:\windows kits\10\include\10.0.17763.0\um\gl\gl.h(1157): note: see declaration of 'WINGDIAPI'
d:\windows kits\10\include\10.0.17763.0\um\gl\gl.h(1207): error C2144: syntax error: 'void' should be preceded by ';'
d:\windows kits\10\include\10.0.17763.0\um\gl\gl.h(1207): error C4430: missing type specifier - int assumed. Note: C++ does not support default-int
d:\windows kits\10\include\10.0.17763.0\um\gl\gl.h(1207): error C2086: 'int WINGDIAPI': redefinition
  d:\windows kits\10\include\10.0.17763.0\um\gl\gl.h(1157): note: see declaration of 'WINGDIAPI'
d:\windows kits\10\include\10.0.17763.0\um\gl\gl.h(1207): fatal error C1003: error count exceeds 100; stopping compilation
  MyGLCanvas.cpp
d:\windows kits\10\include\10.0.17763.0\um\gl\gl.h(1157): error C2144: syntax error: 'void' should be preceded by ';'
d:\windows kits\10\include\10.0.17763.0\um\gl\gl.h(1157): error C4430: missing type specifier - int assumed. Note: C++ does not support default-int
d:\windows kits\10\include\10.0.17763.0\um\gl\gl.h(1158): error C2144: syntax error: 'void' should be preceded by ';'
d:\windows kits\10\include\10.0.17763.0\um\gl\gl.h(1158): error C4430: missing type specifier - int assumed. Note: C++ does not support default-int
d:\windows kits\10\include\10.0.17763.0\um\gl\gl.h(1158): error C2086: 'int WINGDIAPI': redefinition
  d:\windows kits\10\include\10.0.17763.0\um\gl\gl.h(1157): note: see declaration of 'WINGDIAPI'
d:\windows kits\10\include\10.0.17763.0\um\gl\gl.h(1159): error C4430: missing type specifier - int assumed. Note: C++ does not support default-int
d:\windows kits\10\include\10.0.17763.0\um\gl\gl.h(1159): error C2086: 'int WINGDIAPI': redefinition
  d:\windows kits\10\include\10.0.17763.0\um\gl\gl.h(1157): note: see declaration of 'WINGDIAPI'
d:\windows kits\10\include\10.0.17763.0\um\gl\gl.h(1159): error C2146: syntax error: missing ';' before identifier 'GLboolean'
d:\windows kits\10\include\10.0.17763.0\um\gl\gl.h(1160): error C2144: syntax error: 'void' should be preceded by ';'
d:\windows kits\10\include\10.0.17763.0\um\gl\gl.h(1160): error C4430: missing type specifier - int assumed. Note: C++ does not support default-int
d:\windows kits\10\include\10.0.17763.0\um\gl\gl.h(1160): error C2086: 'int WINGDIAPI': redefinition
  d:\windows kits\10\include\10.0.17763.0\um\gl\gl.h(1157): note: see declaration of 'WINGDIAPI'
d:\windows kits\10\include\10.0.17763.0\um\gl\gl.h(1161): error C2144: syntax error: 'void' should be preceded by ';'
d:\windows kits\10\include\10.0.17763.0\um\gl\gl.h(1161): error C4430: missing type specifier - int assumed. Note: C++ does not support default-int
d:\windows kits\10\include\10.0.17763.0\um\gl\gl.h(1161): error C2086: 'int WINGDIAPI': redefinition
  d:\windows kits\10\include\10.0.17763.0\um\gl\gl.h(1157): note: see declaration of 'WINGDIAPI'
d:\windows kits\10\include\10.0.17763.0\um\gl\gl.h(1162): error C2144: syntax error: 'void' should be preceded by ';'
d:\windows kits\10\include\10.0.17763.0\um\gl\gl.h(1162): error C4430: missing type specifier - int assumed. Note: C++ does not support default-int
d:\windows kits\10\include\10.0.17763.0\um\gl\gl.h(1162): error C2086: 'int WINGDIAPI': redefinition
  d:\windows kits\10\include\10.0.17763.0\um\gl\gl.h(1157): note: see declaration of 'WINGDIAPI'
d:\windows kits\10\include\10.0.17763.0\um\gl\gl.h(1163): error C2144: syntax error: 'void' should be preceded by ';'
d:\windows kits\10\include\10.0.17763.0\um\gl\gl.h(1163): error C4430: missing type specifier - int assumed. Note: C++ does not support default-int
d:\windows kits\10\include\10.0.17763.0\um\gl\gl.h(1163): error C2086: 'int WINGDIAPI': redefinition
  d:\windows kits\10\include\10.0.17763.0\um\gl\gl.h(1157): note: see declaration of 'WINGDIAPI'
d:\windows kits\10\include\10.0.17763.0\um\gl\gl.h(1164): error C2144: syntax error: 'void' should be preceded by ';'
d:\windows kits\10\include\10.0.17763.0\um\gl\gl.h(1164): error C4430: missing type specifier - int assumed. Note: C++ does not support default-int
d:\windows kits\10\include\10.0.17763.0\um\gl\gl.h(1164): error C2086: 'int WINGDIAPI': redefinition
  d:\windows kits\10\include\10.0.17763.0\um\gl\gl.h(1157): note: see declaration of 'WINGDIAPI'
d:\windows kits\10\include\10.0.17763.0\um\gl\gl.h(1165): error C2144: syntax error: 'void' should be preceded by ';'
d:\windows kits\10\include\10.0.17763.0\um\gl\gl.h(1165): error C4430: missing type specifier - int assumed. Note: C++ does not support default-int
d:\windows kits\10\include\10.0.17763.0\um\gl\gl.h(1165): error C2086: 'int WINGDIAPI': redefinition
  d:\windows kits\10\include\10.0.17763.0\um\gl\gl.h(1157): note: see declaration of 'WINGDIAPI'
d:\windows kits\10\include\10.0.17763.0\um\gl\gl.h(1166): error C2144: syntax error: 'void' should be preceded by ';'
d:\windows kits\10\include\10.0.17763.0\um\gl\gl.h(1166): error C4430: missing type specifier - int assumed. Note: C++ does not support default-int
d:\windows kits\10\include\10.0.17763.0\um\gl\gl.h(1166): error C2086: 'int WINGDIAPI': redefinition
  d:\windows kits\10\include\10.0.17763.0\um\gl\gl.h(1157): note: see declaration of 'WINGDIAPI'
d:\windows kits\10\include\10.0.17763.0\um\gl\gl.h(1167): error C2144: syntax error: 'void' should be preceded by ';'
d:\windows kits\10\include\10.0.17763.0\um\gl\gl.h(1167): error C4430: missing type specifier - int assumed. Note: C++ does not support default-int
d:\windows kits\10\include\10.0.17763.0\um\gl\gl.h(1167): error C2086: 'int WINGDIAPI': redefinition
  d:\windows kits\10\include\10.0.17763.0\um\gl\gl.h(1157): note: see declaration of 'WINGDIAPI'
d:\windows kits\10\include\10.0.17763.0\um\gl\gl.h(1168): error C2144: syntax error: 'void' should be preceded by ';'
d:\windows kits\10\include\10.0.17763.0\um\gl\gl.h(1168): error C4430: missing type specifier - int assumed. Note: C++ does not support default-int
d:\windows kits\10\include\10.0.17763.0\um\gl\gl.h(1168): error C2086: 'int WINGDIAPI': redefinition
  d:\windows kits\10\include\10.0.17763.0\um\gl\gl.h(1157): note: see declaration of 'WINGDIAPI'
d:\windows kits\10\include\10.0.17763.0\um\gl\gl.h(1169): error C2144: syntax error: 'void' should be preceded by ';'
d:\windows kits\10\include\10.0.17763.0\um\gl\gl.h(1169): error C4430: missing type specifier - int assumed. Note: C++ does not support default-int
d:\windows kits\10\include\10.0.17763.0\um\gl\gl.h(1169): error C2086: 'int WINGDIAPI': redefinition
  d:\windows kits\10\include\10.0.17763.0\um\gl\gl.h(1157): note: see declaration of 'WINGDIAPI'
d:\windows kits\10\include\10.0.17763.0\um\gl\gl.h(1170): error C2144: syntax error: 'void' should be preceded by ';'
d:\windows kits\10\include\10.0.17763.0\um\gl\gl.h(1170): error C4430: missing type specifier - int assumed. Note: C++ does not support default-int
d:\windows kits\10\include\10.0.17763.0\um\gl\gl.h(1170): error C2086: 'int WINGDIAPI': redefinition
  d:\windows kits\10\include\10.0.17763.0\um\gl\gl.h(1157): note: see declaration of 'WINGDIAPI'
d:\windows kits\10\include\10.0.17763.0\um\gl\gl.h(1171): error C2144: syntax error: 'void' should be preceded by ';'
d:\windows kits\10\include\10.0.17763.0\um\gl\gl.h(1171): error C4430: missing type specifier - int assumed. Note: C++ does not support default-int
d:\windows kits\10\include\10.0.17763.0\um\gl\gl.h(1171): error C2086: 'int WINGDIAPI': redefinition
  d:\windows kits\10\include\10.0.17763.0\um\gl\gl.h(1157): note: see declaration of 'WINGDIAPI'
d:\windows kits\10\include\10.0.17763.0\um\gl\gl.h(1172): error C2144: syntax error: 'void' should be preceded by ';'
d:\windows kits\10\include\10.0.17763.0\um\gl\gl.h(1172): error C4430: missing type specifier - int assumed. Note: C++ does not support default-int
d:\windows kits\10\include\10.0.17763.0\um\gl\gl.h(1172): error C2086: 'int WINGDIAPI': redefinition
  d:\windows kits\10\include\10.0.17763.0\um\gl\gl.h(1157): note: see declaration of 'WINGDIAPI'
d:\windows kits\10\include\10.0.17763.0\um\gl\gl.h(1173): error C2144: syntax error: 'void' should be preceded by ';'
d:\windows kits\10\include\10.0.17763.0\um\gl\gl.h(1173): error C4430: missing type specifier - int assumed. Note: C++ does not support default-int
d:\windows kits\10\include\10.0.17763.0\um\gl\gl.h(1173): error C2086: 'int WINGDIAPI': redefinition
  d:\windows kits\10\include\10.0.17763.0\um\gl\gl.h(1157): note: see declaration of 'WINGDIAPI'
d:\windows kits\10\include\10.0.17763.0\um\gl\gl.h(1174): error C2144: syntax error: 'void' should be preceded by ';'
d:\windows kits\10\include\10.0.17763.0\um\gl\gl.h(1174): error C4430: missing type specifier - int assumed. Note: C++ does not support default-int
d:\windows kits\10\include\10.0.17763.0\um\gl\gl.h(1174): error C2086: 'int WINGDIAPI': redefinition
  d:\windows kits\10\include\10.0.17763.0\um\gl\gl.h(1157): note: see declaration of 'WINGDIAPI'
d:\windows kits\10\include\10.0.17763.0\um\gl\gl.h(1175): error C2144: syntax error: 'void' should be preceded by ';'
d:\windows kits\10\include\10.0.17763.0\um\gl\gl.h(1175): error C4430: missing type specifier - int assumed. Note: C++ does not support default-int
d:\windows kits\10\include\10.0.17763.0\um\gl\gl.h(1175): error C2086: 'int WINGDIAPI': redefinition
  d:\windows kits\10\include\10.0.17763.0\um\gl\gl.h(1157): note: see declaration of 'WINGDIAPI'
d:\windows kits\10\include\10.0.17763.0\um\gl\gl.h(1176): error C2144: syntax error: 'void' should be preceded by ';'
d:\windows kits\10\include\10.0.17763.0\um\gl\gl.h(1176): error C4430: missing type specifier - int assumed. Note: C++ does not support default-int
d:\windows kits\10\include\10.0.17763.0\um\gl\gl.h(1176): error C2086: 'int WINGDIAPI': redefinition
  d:\windows kits\10\include\10.0.17763.0\um\gl\gl.h(1157): note: see declaration of 'WINGDIAPI'
d:\windows kits\10\include\10.0.17763.0\um\gl\gl.h(1177): error C2144: syntax error: 'void' should be preceded by ';'
d:\windows kits\10\include\10.0.17763.0\um\gl\gl.h(1177): error C4430: missing type specifier - int assumed. Note: C++ does not support default-int
d:\windows kits\10\include\10.0.17763.0\um\gl\gl.h(1177): error C2086: 'int WINGDIAPI': redefinition
  d:\windows kits\10\include\10.0.17763.0\um\gl\gl.h(1157): note: see declaration of 'WINGDIAPI'
d:\windows kits\10\include\10.0.17763.0\um\gl\gl.h(1178): error C2144: syntax error: 'void' should be preceded by ';'
d:\windows kits\10\include\10.0.17763.0\um\gl\gl.h(1178): error C4430: missing type specifier - int assumed. Note: C++ does not support default-int
d:\windows kits\10\include\10.0.17763.0\um\gl\gl.h(1178): error C2086: 'int WINGDIAPI': redefinition
  d:\windows kits\10\include\10.0.17763.0\um\gl\gl.h(1157): note: see declaration of 'WINGDIAPI'
d:\windows kits\10\include\10.0.17763.0\um\gl\gl.h(1179): error C2144: syntax error: 'void' should be preceded by ';'
d:\windows kits\10\include\10.0.17763.0\um\gl\gl.h(1179): error C4430: missing type specifier - int assumed. Note: C++ does not support default-int
d:\windows kits\10\include\10.0.17763.0\um\gl\gl.h(1179): error C2086: 'int WINGDIAPI': redefinition
  d:\windows kits\10\include\10.0.17763.0\um\gl\gl.h(1157): note: see declaration of 'WINGDIAPI'
d:\windows kits\10\include\10.0.17763.0\um\gl\gl.h(1180): error C2144: syntax error: 'void' should be preceded by ';'
d:\windows kits\10\include\10.0.17763.0\um\gl\gl.h(1180): error C4430: missing type specifier - int assumed. Note: C++ does not support default-int
d:\windows kits\10\include\10.0.17763.0\um\gl\gl.h(1180): error C2086: 'int WINGDIAPI': redefinition
  d:\windows kits\10\include\10.0.17763.0\um\gl\gl.h(1157): note: see declaration of 'WINGDIAPI'
d:\windows kits\10\include\10.0.17763.0\um\gl\gl.h(1181): error C2144: syntax error: 'void' should be preceded by ';'
d:\windows kits\10\include\10.0.17763.0\um\gl\gl.h(1181): error C4430: missing type specifier - int assumed. Note: C++ does not support default-int
d:\windows kits\10\include\10.0.17763.0\um\gl\gl.h(1181): error C2086: 'int WINGDIAPI': redefinition
  d:\windows kits\10\include\10.0.17763.0\um\gl\gl.h(1157): note: see declaration of 'WINGDIAPI'
d:\windows kits\10\include\10.0.17763.0\um\gl\gl.h(1182): error C2144: syntax error: 'void' should be preceded by ';'
d:\windows kits\10\include\10.0.17763.0\um\gl\gl.h(1182): error C4430: missing type specifier - int assumed. Note: C++ does not support default-int
d:\windows kits\10\include\10.0.17763.0\um\gl\gl.h(1182): error C2086: 'int WINGDIAPI': redefinition
  d:\windows kits\10\include\10.0.17763.0\um\gl\gl.h(1157): note: see declaration of 'WINGDIAPI'
d:\windows kits\10\include\10.0.17763.0\um\gl\gl.h(1183): error C2144: syntax error: 'void' should be preceded by ';'
d:\windows kits\10\include\10.0.17763.0\um\gl\gl.h(1183): error C4430: missing type specifier - int assumed. Note: C++ does not support default-int
d:\windows kits\10\include\10.0.17763.0\um\gl\gl.h(1183): error C2086: 'int WINGDIAPI': redefinition
  d:\windows kits\10\include\10.0.17763.0\um\gl\gl.h(1157): note: see declaration of 'WINGDIAPI'
d:\windows kits\10\include\10.0.17763.0\um\gl\gl.h(1184): error C2144: syntax error: 'void' should be preceded by ';'
d:\windows kits\10\include\10.0.17763.0\um\gl\gl.h(1184): error C4430: missing type specifier - int assumed. Note: C++ does not support default-int
d:\windows kits\10\include\10.0.17763.0\um\gl\gl.h(1184): error C2086: 'int WINGDIAPI': redefinition
  d:\windows kits\10\include\10.0.17763.0\um\gl\gl.h(1157): note: see declaration of 'WINGDIAPI'
d:\windows kits\10\include\10.0.17763.0\um\gl\gl.h(1185): error C2144: syntax error: 'void' should be preceded by ';'
d:\windows kits\10\include\10.0.17763.0\um\gl\gl.h(1185): error C4430: missing type specifier - int assumed. Note: C++ does not support default-int
d:\windows kits\10\include\10.0.17763.0\um\gl\gl.h(1185): error C2086: 'int WINGDIAPI': redefinition
  d:\windows kits\10\include\10.0.17763.0\um\gl\gl.h(1157): note: see declaration of 'WINGDIAPI'
d:\windows kits\10\include\10.0.17763.0\um\gl\gl.h(1186): error C2144: syntax error: 'void' should be preceded by ';'
d:\windows kits\10\include\10.0.17763.0\um\gl\gl.h(1186): error C4430: missing type specifier - int assumed. Note: C++ does not support default-int
d:\windows kits\10\include\10.0.17763.0\um\gl\gl.h(1186): error C2086: 'int WINGDIAPI': redefinition
  d:\windows kits\10\include\10.0.17763.0\um\gl\gl.h(1157): note: see declaration of 'WINGDIAPI'
d:\windows kits\10\include\10.0.17763.0\um\gl\gl.h(1187): error C2144: syntax error: 'void' should be preceded by ';'
d:\windows kits\10\include\10.0.17763.0\um\gl\gl.h(1187): error C4430: missing type specifier - int assumed. Note: C++ does not support default-int
d:\windows kits\10\include\10.0.17763.0\um\gl\gl.h(1187): error C2086: 'int WINGDIAPI': redefinition
  d:\windows kits\10\include\10.0.17763.0\um\gl\gl.h(1157): note: see declaration of 'WINGDIAPI'
d:\windows kits\10\include\10.0.17763.0\um\gl\gl.h(1188): error C2144: syntax error: 'void' should be preceded by ';'
d:\windows kits\10\include\10.0.17763.0\um\gl\gl.h(1188): error C4430: missing type specifier - int assumed. Note: C++ does not support default-int
d:\windows kits\10\include\10.0.17763.0\um\gl\gl.h(1188): error C2086: 'int WINGDIAPI': redefinition
  d:\windows kits\10\include\10.0.17763.0\um\gl\gl.h(1157): note: see declaration of 'WINGDIAPI'
d:\windows kits\10\include\10.0.17763.0\um\gl\gl.h(1189): error C2144: syntax error: 'void' should be preceded by ';'
d:\windows kits\10\include\10.0.17763.0\um\gl\gl.h(1189): error C4430: missing type specifier - int assumed. Note: C++ does not support default-int
d:\windows kits\10\include\10.0.17763.0\um\gl\gl.h(1189): error C2086: 'int WINGDIAPI': redefinition
  d:\windows kits\10\include\10.0.17763.0\um\gl\gl.h(1157): note: see declaration of 'WINGDIAPI'
d:\windows kits\10\include\10.0.17763.0\um\gl\gl.h(1190): error C2144: syntax error: 'void' should be preceded by ';'
d:\windows kits\10\include\10.0.17763.0\um\gl\gl.h(1190): error C4430: missing type specifier - int assumed. Note: C++ does not support default-int
d:\windows kits\10\include\10.0.17763.0\um\gl\gl.h(1190): error C2086: 'int WINGDIAPI': redefinition
  d:\windows kits\10\include\10.0.17763.0\um\gl\gl.h(1157): note: see declaration of 'WINGDIAPI'
d:\windows kits\10\include\10.0.17763.0\um\gl\gl.h(1191): error C2144: syntax error: 'void' should be preceded by ';'
d:\windows kits\10\include\10.0.17763.0\um\gl\gl.h(1191): error C4430: missing type specifier - int assumed. Note: C++ does not support default-int
d:\windows kits\10\include\10.0.17763.0\um\gl\gl.h(1191): error C2086: 'int WINGDIAPI': redefinition
  d:\windows kits\10\include\10.0.17763.0\um\gl\gl.h(1157): note: see declaration of 'WINGDIAPI'
d:\windows kits\10\include\10.0.17763.0\um\gl\gl.h(1192): error C2144: syntax error: 'void' should be preceded by ';'
d:\windows kits\10\include\10.0.17763.0\um\gl\gl.h(1192): error C4430: missing type specifier - int assumed. Note: C++ does not support default-int
d:\windows kits\10\include\10.0.17763.0\um\gl\gl.h(1192): error C2086: 'int WINGDIAPI': redefinition
  d:\windows kits\10\include\10.0.17763.0\um\gl\gl.h(1157): note: see declaration of 'WINGDIAPI'
d:\windows kits\10\include\10.0.17763.0\um\gl\gl.h(1193): error C2144: syntax error: 'void' should be preceded by ';'
d:\windows kits\10\include\10.0.17763.0\um\gl\gl.h(1193): error C4430: missing type specifier - int assumed. Note: C++ does not support default-int
d:\windows kits\10\include\10.0.17763.0\um\gl\gl.h(1193): error C2086: 'int WINGDIAPI': redefinition
  d:\windows kits\10\include\10.0.17763.0\um\gl\gl.h(1157): note: see declaration of 'WINGDIAPI'
d:\windows kits\10\include\10.0.17763.0\um\gl\gl.h(1194): error C2144: syntax error: 'void' should be preceded by ';'
d:\windows kits\10\include\10.0.17763.0\um\gl\gl.h(1194): error C4430: missing type specifier - int assumed. Note: C++ does not support default-int
d:\windows kits\10\include\10.0.17763.0\um\gl\gl.h(1194): error C2086: 'int WINGDIAPI': redefinition
  d:\windows kits\10\include\10.0.17763.0\um\gl\gl.h(1157): note: see declaration of 'WINGDIAPI'
d:\windows kits\10\include\10.0.17763.0\um\gl\gl.h(1195): error C2144: syntax error: 'void' should be preceded by ';'
d:\windows kits\10\include\10.0.17763.0\um\gl\gl.h(1195): error C4430: missing type specifier - int assumed. Note: C++ does not support default-int
d:\windows kits\10\include\10.0.17763.0\um\gl\gl.h(1195): error C2086: 'int WINGDIAPI': redefinition
  d:\windows kits\10\include\10.0.17763.0\um\gl\gl.h(1157): note: see declaration of 'WINGDIAPI'
d:\windows kits\10\include\10.0.17763.0\um\gl\gl.h(1196): error C2144: syntax error: 'void' should be preceded by ';'
d:\windows kits\10\include\10.0.17763.0\um\gl\gl.h(1196): error C4430: missing type specifier - int assumed. Note: C++ does not support default-int
d:\windows kits\10\include\10.0.17763.0\um\gl\gl.h(1196): error C2086: 'int WINGDIAPI': redefinition
  d:\windows kits\10\include\10.0.17763.0\um\gl\gl.h(1157): note: see declaration of 'WINGDIAPI'
d:\windows kits\10\include\10.0.17763.0\um\gl\gl.h(1197): error C2144: syntax error: 'void' should be preceded by ';'
d:\windows kits\10\include\10.0.17763.0\um\gl\gl.h(1197): error C4430: missing type specifier - int assumed. Note: C++ does not support default-int
d:\windows kits\10\include\10.0.17763.0\um\gl\gl.h(1197): error C2086: 'int WINGDIAPI': redefinition
  d:\windows kits\10\include\10.0.17763.0\um\gl\gl.h(1157): note: see declaration of 'WINGDIAPI'
d:\windows kits\10\include\10.0.17763.0\um\gl\gl.h(1198): error C2144: syntax error: 'void' should be preceded by ';'
d:\windows kits\10\include\10.0.17763.0\um\gl\gl.h(1198): error C4430: missing type specifier - int assumed. Note: C++ does not support default-int
d:\windows kits\10\include\10.0.17763.0\um\gl\gl.h(1198): error C2086: 'int WINGDIAPI': redefinition
  d:\windows kits\10\include\10.0.17763.0\um\gl\gl.h(1157): note: see declaration of 'WINGDIAPI'
d:\windows kits\10\include\10.0.17763.0\um\gl\gl.h(1199): error C2144: syntax error: 'void' should be preceded by ';'
d:\windows kits\10\include\10.0.17763.0\um\gl\gl.h(1199): error C4430: missing type specifier - int assumed. Note: C++ does not support default-int
d:\windows kits\10\include\10.0.17763.0\um\gl\gl.h(1199): error C2086: 'int WINGDIAPI': redefinition
  d:\windows kits\10\include\10.0.17763.0\um\gl\gl.h(1157): note: see declaration of 'WINGDIAPI'
d:\windows kits\10\include\10.0.17763.0\um\gl\gl.h(1200): error C2144: syntax error: 'void' should be preceded by ';'
d:\windows kits\10\include\10.0.17763.0\um\gl\gl.h(1200): error C4430: missing type specifier - int assumed. Note: C++ does not support default-int
d:\windows kits\10\include\10.0.17763.0\um\gl\gl.h(1200): error C2086: 'int WINGDIAPI': redefinition
  d:\windows kits\10\include\10.0.17763.0\um\gl\gl.h(1157): note: see declaration of 'WINGDIAPI'
d:\windows kits\10\include\10.0.17763.0\um\gl\gl.h(1201): error C2144: syntax error: 'void' should be preceded by ';'
d:\windows kits\10\include\10.0.17763.0\um\gl\gl.h(1201): error C4430: missing type specifier - int assumed. Note: C++ does not support default-int
d:\windows kits\10\include\10.0.17763.0\um\gl\gl.h(1201): error C2086: 'int WINGDIAPI': redefinition
  d:\windows kits\10\include\10.0.17763.0\um\gl\gl.h(1157): note: see declaration of 'WINGDIAPI'
d:\windows kits\10\include\10.0.17763.0\um\gl\gl.h(1202): error C2144: syntax error: 'void' should be preceded by ';'
d:\windows kits\10\include\10.0.17763.0\um\gl\gl.h(1202): error C4430: missing type specifier - int assumed. Note: C++ does not support default-int
d:\windows kits\10\include\10.0.17763.0\um\gl\gl.h(1202): error C2086: 'int WINGDIAPI': redefinition
  d:\windows kits\10\include\10.0.17763.0\um\gl\gl.h(1157): note: see declaration of 'WINGDIAPI'
d:\windows kits\10\include\10.0.17763.0\um\gl\gl.h(1203): error C2144: syntax error: 'void' should be preceded by ';'
d:\windows kits\10\include\10.0.17763.0\um\gl\gl.h(1203): error C4430: missing type specifier - int assumed. Note: C++ does not support default-int
d:\windows kits\10\include\10.0.17763.0\um\gl\gl.h(1203): error C2086: 'int WINGDIAPI': redefinition
  d:\windows kits\10\include\10.0.17763.0\um\gl\gl.h(1157): note: see declaration of 'WINGDIAPI'
d:\windows kits\10\include\10.0.17763.0\um\gl\gl.h(1204): error C2144: syntax error: 'void' should be preceded by ';'
d:\windows kits\10\include\10.0.17763.0\um\gl\gl.h(1204): error C4430: missing type specifier - int assumed. Note: C++ does not support default-int
d:\windows kits\10\include\10.0.17763.0\um\gl\gl.h(1204): error C2086: 'int WINGDIAPI': redefinition
  d:\windows kits\10\include\10.0.17763.0\um\gl\gl.h(1157): note: see declaration of 'WINGDIAPI'
d:\windows kits\10\include\10.0.17763.0\um\gl\gl.h(1205): error C2144: syntax error: 'void' should be preceded by ';'
d:\windows kits\10\include\10.0.17763.0\um\gl\gl.h(1205): error C4430: missing type specifier - int assumed. Note: C++ does not support default-int
d:\windows kits\10\include\10.0.17763.0\um\gl\gl.h(1205): error C2086: 'int WINGDIAPI': redefinition
  d:\windows kits\10\include\10.0.17763.0\um\gl\gl.h(1157): note: see declaration of 'WINGDIAPI'
d:\windows kits\10\include\10.0.17763.0\um\gl\gl.h(1206): error C2144: syntax error: 'void' should be preceded by ';'
d:\windows kits\10\include\10.0.17763.0\um\gl\gl.h(1206): error C4430: missing type specifier - int assumed. Note: C++ does not support default-int
d:\windows kits\10\include\10.0.17763.0\um\gl\gl.h(1206): error C2086: 'int WINGDIAPI': redefinition
  d:\windows kits\10\include\10.0.17763.0\um\gl\gl.h(1157): note: see declaration of 'WINGDIAPI'
d:\windows kits\10\include\10.0.17763.0\um\gl\gl.h(1207): error C2144: syntax error: 'void' should be preceded by ';'
d:\windows kits\10\include\10.0.17763.0\um\gl\gl.h(1207): error C4430: missing type specifier - int assumed. Note: C++ does not support default-int
d:\windows kits\10\include\10.0.17763.0\um\gl\gl.h(1207): error C2086: 'int WINGDIAPI': redefinition
  d:\windows kits\10\include\10.0.17763.0\um\gl\gl.h(1157): note: see declaration of 'WINGDIAPI'
d:\windows kits\10\include\10.0.17763.0\um\gl\gl.h(1207): fatal error C1003: error count exceeds 100; stopping compilation
  ppm.cpp
d:\windows kits\10\include\10.0.17763.0\um\gl\gl.h(1157): error C2144: syntax error: 'void' should be preceded by ';'
d:\windows kits\10\include\10.0.17763.0\um\gl\gl.h(1157): error C4430: missing type specifier - int assumed. Note: C++ does not support default-int
d:\windows kits\10\include\10.0.17763.0\um\gl\gl.h(1158): error C2144: syntax error: 'void' should be preceded by ';'
d:\windows kits\10\include\10.0.17763.0\um\gl\gl.h(1158): error C4430: missing type specifier - int assumed. Note: C++ does not support default-int
d:\windows kits\10\include\10.0.17763.0\um\gl\gl.h(1158): error C2086: 'int WINGDIAPI': redefinition
  d:\windows kits\10\include\10.0.17763.0\um\gl\gl.h(1157): note: see declaration of 'WINGDIAPI'
d:\windows kits\10\include\10.0.17763.0\um\gl\gl.h(1159): error C4430: missing type specifier - int assumed. Note: C++ does not support default-int
d:\windows kits\10\include\10.0.17763.0\um\gl\gl.h(1159): error C2086: 'int WINGDIAPI': redefinition
  d:\windows kits\10\include\10.0.17763.0\um\gl\gl.h(1157): note: see declaration of 'WINGDIAPI'
d:\windows kits\10\include\10.0.17763.0\um\gl\gl.h(1159): error C2146: syntax error: missing ';' before identifier 'GLboolean'
d:\windows kits\10\include\10.0.17763.0\um\gl\gl.h(1160): error C2144: syntax error: 'void' should be preceded by ';'
d:\windows kits\10\include\10.0.17763.0\um\gl\gl.h(1160): error C4430: missing type specifier - int assumed. Note: C++ does not support default-int
d:\windows kits\10\include\10.0.17763.0\um\gl\gl.h(1160): error C2086: 'int WINGDIAPI': redefinition
  d:\windows kits\10\include\10.0.17763.0\um\gl\gl.h(1157): note: see declaration of 'WINGDIAPI'
d:\windows kits\10\include\10.0.17763.0\um\gl\gl.h(1161): error C2144: syntax error: 'void' should be preceded by ';'
d:\windows kits\10\include\10.0.17763.0\um\gl\gl.h(1161): error C4430: missing type specifier - int assumed. Note: C++ does not support default-int
d:\windows kits\10\include\10.0.17763.0\um\gl\gl.h(1161): error C2086: 'int WINGDIAPI': redefinition
  d:\windows kits\10\include\10.0.17763.0\um\gl\gl.h(1157): note: see declaration of 'WINGDIAPI'
d:\windows kits\10\include\10.0.17763.0\um\gl\gl.h(1162): error C2144: syntax error: 'void' should be preceded by ';'
d:\windows kits\10\include\10.0.17763.0\um\gl\gl.h(1162): error C4430: missing type specifier - int assumed. Note: C++ does not support default-int
d:\windows kits\10\include\10.0.17763.0\um\gl\gl.h(1162): error C2086: 'int WINGDIAPI': redefinition
  d:\windows kits\10\include\10.0.17763.0\um\gl\gl.h(1157): note: see declaration of 'WINGDIAPI'
d:\windows kits\10\include\10.0.17763.0\um\gl\gl.h(1163): error C2144: syntax error: 'void' should be preceded by ';'
d:\windows kits\10\include\10.0.17763.0\um\gl\gl.h(1163): error C4430: missing type specifier - int assumed. Note: C++ does not support default-int
d:\windows kits\10\include\10.0.17763.0\um\gl\gl.h(1163): error C2086: 'int WINGDIAPI': redefinition
  d:\windows kits\10\include\10.0.17763.0\um\gl\gl.h(1157): note: see declaration of 'WINGDIAPI'
d:\windows kits\10\include\10.0.17763.0\um\gl\gl.h(1164): error C2144: syntax error: 'void' should be preceded by ';'
d:\windows kits\10\include\10.0.17763.0\um\gl\gl.h(1164): error C4430: missing type specifier - int assumed. Note: C++ does not support default-int
d:\windows kits\10\include\10.0.17763.0\um\gl\gl.h(1164): error C2086: 'int WINGDIAPI': redefinition
  d:\windows kits\10\include\10.0.17763.0\um\gl\gl.h(1157): note: see declaration of 'WINGDIAPI'
d:\windows kits\10\include\10.0.17763.0\um\gl\gl.h(1165): error C2144: syntax error: 'void' should be preceded by ';'
d:\windows kits\10\include\10.0.17763.0\um\gl\gl.h(1165): error C4430: missing type specifier - int assumed. Note: C++ does not support default-int
d:\windows kits\10\include\10.0.17763.0\um\gl\gl.h(1165): error C2086: 'int WINGDIAPI': redefinition
  d:\windows kits\10\include\10.0.17763.0\um\gl\gl.h(1157): note: see declaration of 'WINGDIAPI'
d:\windows kits\10\include\10.0.17763.0\um\gl\gl.h(1166): error C2144: syntax error: 'void' should be preceded by ';'
d:\windows kits\10\include\10.0.17763.0\um\gl\gl.h(1166): error C4430: missing type specifier - int assumed. Note: C++ does not support default-int
d:\windows kits\10\include\10.0.17763.0\um\gl\gl.h(1166): error C2086: 'int WINGDIAPI': redefinition
  d:\windows kits\10\include\10.0.17763.0\um\gl\gl.h(1157): note: see declaration of 'WINGDIAPI'
d:\windows kits\10\include\10.0.17763.0\um\gl\gl.h(1167): error C2144: syntax error: 'void' should be preceded by ';'
d:\windows kits\10\include\10.0.17763.0\um\gl\gl.h(1167): error C4430: missing type specifier - int assumed. Note: C++ does not support default-int
d:\windows kits\10\include\10.0.17763.0\um\gl\gl.h(1167): error C2086: 'int WINGDIAPI': redefinition
  d:\windows kits\10\include\10.0.17763.0\um\gl\gl.h(1157): note: see declaration of 'WINGDIAPI'
d:\windows kits\10\include\10.0.17763.0\um\gl\gl.h(1168): error C2144: syntax error: 'void' should be preceded by ';'
d:\windows kits\10\include\10.0.17763.0\um\gl\gl.h(1168): error C4430: missing type specifier - int assumed. Note: C++ does not support default-int
d:\windows kits\10\include\10.0.17763.0\um\gl\gl.h(1168): error C2086: 'int WINGDIAPI': redefinition
  d:\windows kits\10\include\10.0.17763.0\um\gl\gl.h(1157): note: see declaration of 'WINGDIAPI'
d:\windows kits\10\include\10.0.17763.0\um\gl\gl.h(1169): error C2144: syntax error: 'void' should be preceded by ';'
d:\windows kits\10\include\10.0.17763.0\um\gl\gl.h(1169): error C4430: missing type specifier - int assumed. Note: C++ does not support default-int
d:\windows kits\10\include\10.0.17763.0\um\gl\gl.h(1169): error C2086: 'int WINGDIAPI': redefinition
  d:\windows kits\10\include\10.0.17763.0\um\gl\gl.h(1157): note: see declaration of 'WINGDIAPI'
d:\windows kits\10\include\10.0.17763.0\um\gl\gl.h(1170): error C2144: syntax error: 'void' should be preceded by ';'
d:\windows kits\10\include\10.0.17763.0\um\gl\gl.h(1170): error C4430: missing type specifier - int assumed. Note: C++ does not support default-int
d:\windows kits\10\include\10.0.17763.0\um\gl\gl.h(1170): error C2086: 'int WINGDIAPI': redefinition
  d:\windows kits\10\include\10.0.17763.0\um\gl\gl.h(1157): note: see declaration of 'WINGDIAPI'
d:\windows kits\10\include\10.0.17763.0\um\gl\gl.h(1171): error C2144: syntax error: 'void' should be preceded by ';'
d:\windows kits\10\include\10.0.17763.0\um\gl\gl.h(1171): error C4430: missing type specifier - int assumed. Note: C++ does not support default-int
d:\windows kits\10\include\10.0.17763.0\um\gl\gl.h(1171): error C2086: 'int WINGDIAPI': redefinition
  d:\windows kits\10\include\10.0.17763.0\um\gl\gl.h(1157): note: see declaration of 'WINGDIAPI'
d:\windows kits\10\include\10.0.17763.0\um\gl\gl.h(1172): error C2144: syntax error: 'void' should be preceded by ';'
d:\windows kits\10\include\10.0.17763.0\um\gl\gl.h(1172): error C4430: missing type specifier - int assumed. Note: C++ does not support default-int
d:\windows kits\10\include\10.0.17763.0\um\gl\gl.h(1172): error C2086: 'int WINGDIAPI': redefinition
  d:\windows kits\10\include\10.0.17763.0\um\gl\gl.h(1157): note: see declaration of 'WINGDIAPI'
d:\windows kits\10\include\10.0.17763.0\um\gl\gl.h(1173): error C2144: syntax error: 'void' should be preceded by ';'
d:\windows kits\10\include\10.0.17763.0\um\gl\gl.h(1173): error C4430: missing type specifier - int assumed. Note: C++ does not support default-int
d:\windows kits\10\include\10.0.17763.0\um\gl\gl.h(1173): error C2086: 'int WINGDIAPI': redefinition
  d:\windows kits\10\include\10.0.17763.0\um\gl\gl.h(1157): note: see declaration of 'WINGDIAPI'
d:\windows kits\10\include\10.0.17763.0\um\gl\gl.h(1174): error C2144: syntax error: 'void' should be preceded by ';'
d:\windows kits\10\include\10.0.17763.0\um\gl\gl.h(1174): error C4430: missing type specifier - int assumed. Note: C++ does not support default-int
d:\windows kits\10\include\10.0.17763.0\um\gl\gl.h(1174): error C2086: 'int WINGDIAPI': redefinition
  d:\windows kits\10\include\10.0.17763.0\um\gl\gl.h(1157): note: see declaration of 'WINGDIAPI'
d:\windows kits\10\include\10.0.17763.0\um\gl\gl.h(1175): error C2144: syntax error: 'void' should be preceded by ';'
d:\windows kits\10\include\10.0.17763.0\um\gl\gl.h(1175): error C4430: missing type specifier - int assumed. Note: C++ does not support default-int
d:\windows kits\10\include\10.0.17763.0\um\gl\gl.h(1175): error C2086: 'int WINGDIAPI': redefinition
  d:\windows kits\10\include\10.0.17763.0\um\gl\gl.h(1157): note: see declaration of 'WINGDIAPI'
d:\windows kits\10\include\10.0.17763.0\um\gl\gl.h(1176): error C2144: syntax error: 'void' should be preceded by ';'
d:\windows kits\10\include\10.0.17763.0\um\gl\gl.h(1176): error C4430: missing type specifier - int assumed. Note: C++ does not support default-int
d:\windows kits\10\include\10.0.17763.0\um\gl\gl.h(1176): error C2086: 'int WINGDIAPI': redefinition
  d:\windows kits\10\include\10.0.17763.0\um\gl\gl.h(1157): note: see declaration of 'WINGDIAPI'
d:\windows kits\10\include\10.0.17763.0\um\gl\gl.h(1177): error C2144: syntax error: 'void' should be preceded by ';'
d:\windows kits\10\include\10.0.17763.0\um\gl\gl.h(1177): error C4430: missing type specifier - int assumed. Note: C++ does not support default-int
d:\windows kits\10\include\10.0.17763.0\um\gl\gl.h(1177): error C2086: 'int WINGDIAPI': redefinition
  d:\windows kits\10\include\10.0.17763.0\um\gl\gl.h(1157): note: see declaration of 'WINGDIAPI'
d:\windows kits\10\include\10.0.17763.0\um\gl\gl.h(1178): error C2144: syntax error: 'void' should be preceded by ';'
d:\windows kits\10\include\10.0.17763.0\um\gl\gl.h(1178): error C4430: missing type specifier - int assumed. Note: C++ does not support default-int
d:\windows kits\10\include\10.0.17763.0\um\gl\gl.h(1178): error C2086: 'int WINGDIAPI': redefinition
  d:\windows kits\10\include\10.0.17763.0\um\gl\gl.h(1157): note: see declaration of 'WINGDIAPI'
d:\windows kits\10\include\10.0.17763.0\um\gl\gl.h(1179): error C2144: syntax error: 'void' should be preceded by ';'
d:\windows kits\10\include\10.0.17763.0\um\gl\gl.h(1179): error C4430: missing type specifier - int assumed. Note: C++ does not support default-int
d:\windows kits\10\include\10.0.17763.0\um\gl\gl.h(1179): error C2086: 'int WINGDIAPI': redefinition
  d:\windows kits\10\include\10.0.17763.0\um\gl\gl.h(1157): note: see declaration of 'WINGDIAPI'
d:\windows kits\10\include\10.0.17763.0\um\gl\gl.h(1180): error C2144: syntax error: 'void' should be preceded by ';'
d:\windows kits\10\include\10.0.17763.0\um\gl\gl.h(1180): error C4430: missing type specifier - int assumed. Note: C++ does not support default-int
d:\windows kits\10\include\10.0.17763.0\um\gl\gl.h(1180): error C2086: 'int WINGDIAPI': redefinition
  d:\windows kits\10\include\10.0.17763.0\um\gl\gl.h(1157): note: see declaration of 'WINGDIAPI'
d:\windows kits\10\include\10.0.17763.0\um\gl\gl.h(1181): error C2144: syntax error: 'void' should be preceded by ';'
d:\windows kits\10\include\10.0.17763.0\um\gl\gl.h(1181): error C4430: missing type specifier - int assumed. Note: C++ does not support default-int
d:\windows kits\10\include\10.0.17763.0\um\gl\gl.h(1181): error C2086: 'int WINGDIAPI': redefinition
  d:\windows kits\10\include\10.0.17763.0\um\gl\gl.h(1157): note: see declaration of 'WINGDIAPI'
d:\windows kits\10\include\10.0.17763.0\um\gl\gl.h(1182): error C2144: syntax error: 'void' should be preceded by ';'
d:\windows kits\10\include\10.0.17763.0\um\gl\gl.h(1182): error C4430: missing type specifier - int assumed. Note: C++ does not support default-int
d:\windows kits\10\include\10.0.17763.0\um\gl\gl.h(1182): error C2086: 'int WINGDIAPI': redefinition
  d:\windows kits\10\include\10.0.17763.0\um\gl\gl.h(1157): note: see declaration of 'WINGDIAPI'
d:\windows kits\10\include\10.0.17763.0\um\gl\gl.h(1183): error C2144: syntax error: 'void' should be preceded by ';'
d:\windows kits\10\include\10.0.17763.0\um\gl\gl.h(1183): error C4430: missing type specifier - int assumed. Note: C++ does not support default-int
d:\windows kits\10\include\10.0.17763.0\um\gl\gl.h(1183): error C2086: 'int WINGDIAPI': redefinition
  d:\windows kits\10\include\10.0.17763.0\um\gl\gl.h(1157): note: see declaration of 'WINGDIAPI'
d:\windows kits\10\include\10.0.17763.0\um\gl\gl.h(1184): error C2144: syntax error: 'void' should be preceded by ';'
d:\windows kits\10\include\10.0.17763.0\um\gl\gl.h(1184): error C4430: missing type specifier - int assumed. Note: C++ does not support default-int
d:\windows kits\10\include\10.0.17763.0\um\gl\gl.h(1184): error C2086: 'int WINGDIAPI': redefinition
  d:\windows kits\10\include\10.0.17763.0\um\gl\gl.h(1157): note: see declaration of 'WINGDIAPI'
d:\windows kits\10\include\10.0.17763.0\um\gl\gl.h(1185): error C2144: syntax error: 'void' should be preceded by ';'
d:\windows kits\10\include\10.0.17763.0\um\gl\gl.h(1185): error C4430: missing type specifier - int assumed. Note: C++ does not support default-int
d:\windows kits\10\include\10.0.17763.0\um\gl\gl.h(1185): error C2086: 'int WINGDIAPI': redefinition
  d:\windows kits\10\include\10.0.17763.0\um\gl\gl.h(1157): note: see declaration of 'WINGDIAPI'
d:\windows kits\10\include\10.0.17763.0\um\gl\gl.h(1186): error C2144: syntax error: 'void' should be preceded by ';'
d:\windows kits\10\include\10.0.17763.0\um\gl\gl.h(1186): error C4430: missing type specifier - int assumed. Note: C++ does not support default-int
d:\windows kits\10\include\10.0.17763.0\um\gl\gl.h(1186): error C2086: 'int WINGDIAPI': redefinition
  d:\windows kits\10\include\10.0.17763.0\um\gl\gl.h(1157): note: see declaration of 'WINGDIAPI'
d:\windows kits\10\include\10.0.17763.0\um\gl\gl.h(1187): error C2144: syntax error: 'void' should be preceded by ';'
d:\windows kits\10\include\10.0.17763.0\um\gl\gl.h(1187): error C4430: missing type specifier - int assumed. Note: C++ does not support default-int
d:\windows kits\10\include\10.0.17763.0\um\gl\gl.h(1187): error C2086: 'int WINGDIAPI': redefinition
  d:\windows kits\10\include\10.0.17763.0\um\gl\gl.h(1157): note: see declaration of 'WINGDIAPI'
d:\windows kits\10\include\10.0.17763.0\um\gl\gl.h(1188): error C2144: syntax error: 'void' should be preceded by ';'
d:\windows kits\10\include\10.0.17763.0\um\gl\gl.h(1188): error C4430: missing type specifier - int assumed. Note: C++ does not support default-int
d:\windows kits\10\include\10.0.17763.0\um\gl\gl.h(1188): error C2086: 'int WINGDIAPI': redefinition
  d:\windows kits\10\include\10.0.17763.0\um\gl\gl.h(1157): note: see declaration of 'WINGDIAPI'
d:\windows kits\10\include\10.0.17763.0\um\gl\gl.h(1189): error C2144: syntax error: 'void' should be preceded by ';'
d:\windows kits\10\include\10.0.17763.0\um\gl\gl.h(1189): error C4430: missing type specifier - int assumed. Note: C++ does not support default-int
d:\windows kits\10\include\10.0.17763.0\um\gl\gl.h(1189): error C2086: 'int WINGDIAPI': redefinition
  d:\windows kits\10\include\10.0.17763.0\um\gl\gl.h(1157): note: see declaration of 'WINGDIAPI'
d:\windows kits\10\include\10.0.17763.0\um\gl\gl.h(1190): error C2144: syntax error: 'void' should be preceded by ';'
d:\windows kits\10\include\10.0.17763.0\um\gl\gl.h(1190): error C4430: missing type specifier - int assumed. Note: C++ does not support default-int
d:\windows kits\10\include\10.0.17763.0\um\gl\gl.h(1190): error C2086: 'int WINGDIAPI': redefinition
  d:\windows kits\10\include\10.0.17763.0\um\gl\gl.h(1157): note: see declaration of 'WINGDIAPI'
d:\windows kits\10\include\10.0.17763.0\um\gl\gl.h(1191): error C2144: syntax error: 'void' should be preceded by ';'
d:\windows kits\10\include\10.0.17763.0\um\gl\gl.h(1191): error C4430: missing type specifier - int assumed. Note: C++ does not support default-int
d:\windows kits\10\include\10.0.17763.0\um\gl\gl.h(1191): error C2086: 'int WINGDIAPI': redefinition
  d:\windows kits\10\include\10.0.17763.0\um\gl\gl.h(1157): note: see declaration of 'WINGDIAPI'
d:\windows kits\10\include\10.0.17763.0\um\gl\gl.h(1192): error C2144: syntax error: 'void' should be preceded by ';'
d:\windows kits\10\include\10.0.17763.0\um\gl\gl.h(1192): error C4430: missing type specifier - int assumed. Note: C++ does not support default-int
d:\windows kits\10\include\10.0.17763.0\um\gl\gl.h(1192): error C2086: 'int WINGDIAPI': redefinition
  d:\windows kits\10\include\10.0.17763.0\um\gl\gl.h(1157): note: see declaration of 'WINGDIAPI'
d:\windows kits\10\include\10.0.17763.0\um\gl\gl.h(1193): error C2144: syntax error: 'void' should be preceded by ';'
d:\windows kits\10\include\10.0.17763.0\um\gl\gl.h(1193): error C4430: missing type specifier - int assumed. Note: C++ does not support default-int
d:\windows kits\10\include\10.0.17763.0\um\gl\gl.h(1193): error C2086: 'int WINGDIAPI': redefinition
  d:\windows kits\10\include\10.0.17763.0\um\gl\gl.h(1157): note: see declaration of 'WINGDIAPI'
d:\windows kits\10\include\10.0.17763.0\um\gl\gl.h(1194): error C2144: syntax error: 'void' should be preceded by ';'
d:\windows kits\10\include\10.0.17763.0\um\gl\gl.h(1194): error C4430: missing type specifier - int assumed. Note: C++ does not support default-int
d:\windows kits\10\include\10.0.17763.0\um\gl\gl.h(1194): error C2086: 'int WINGDIAPI': redefinition
  d:\windows kits\10\include\10.0.17763.0\um\gl\gl.h(1157): note: see declaration of 'WINGDIAPI'
d:\windows kits\10\include\10.0.17763.0\um\gl\gl.h(1195): error C2144: syntax error: 'void' should be preceded by ';'
d:\windows kits\10\include\10.0.17763.0\um\gl\gl.h(1195): error C4430: missing type specifier - int assumed. Note: C++ does not support default-int
d:\windows kits\10\include\10.0.17763.0\um\gl\gl.h(1195): error C2086: 'int WINGDIAPI': redefinition
  d:\windows kits\10\include\10.0.17763.0\um\gl\gl.h(1157): note: see declaration of 'WINGDIAPI'
d:\windows kits\10\include\10.0.17763.0\um\gl\gl.h(1196): error C2144: syntax error: 'void' should be preceded by ';'
d:\windows kits\10\include\10.0.17763.0\um\gl\gl.h(1196): error C4430: missing type specifier - int assumed. Note: C++ does not support default-int
d:\windows kits\10\include\10.0.17763.0\um\gl\gl.h(1196): error C2086: 'int WINGDIAPI': redefinition
  d:\windows kits\10\include\10.0.17763.0\um\gl\gl.h(1157): note: see declaration of 'WINGDIAPI'
d:\windows kits\10\include\10.0.17763.0\um\gl\gl.h(1197): error C2144: syntax error: 'void' should be preceded by ';'
d:\windows kits\10\include\10.0.17763.0\um\gl\gl.h(1197): error C4430: missing type specifier - int assumed. Note: C++ does not support default-int
d:\windows kits\10\include\10.0.17763.0\um\gl\gl.h(1197): error C2086: 'int WINGDIAPI': redefinition
  d:\windows kits\10\include\10.0.17763.0\um\gl\gl.h(1157): note: see declaration of 'WINGDIAPI'
d:\windows kits\10\include\10.0.17763.0\um\gl\gl.h(1198): error C2144: syntax error: 'void' should be preceded by ';'
d:\windows kits\10\include\10.0.17763.0\um\gl\gl.h(1198): error C4430: missing type specifier - int assumed. Note: C++ does not support default-int
d:\windows kits\10\include\10.0.17763.0\um\gl\gl.h(1198): error C2086: 'int WINGDIAPI': redefinition
  d:\windows kits\10\include\10.0.17763.0\um\gl\gl.h(1157): note: see declaration of 'WINGDIAPI'
d:\windows kits\10\include\10.0.17763.0\um\gl\gl.h(1199): error C2144: syntax error: 'void' should be preceded by ';'
d:\windows kits\10\include\10.0.17763.0\um\gl\gl.h(1199): error C4430: missing type specifier - int assumed. Note: C++ does not support default-int
d:\windows kits\10\include\10.0.17763.0\um\gl\gl.h(1199): error C2086: 'int WINGDIAPI': redefinition
  d:\windows kits\10\include\10.0.17763.0\um\gl\gl.h(1157): note: see declaration of 'WINGDIAPI'
d:\windows kits\10\include\10.0.17763.0\um\gl\gl.h(1200): error C2144: syntax error: 'void' should be preceded by ';'
d:\windows kits\10\include\10.0.17763.0\um\gl\gl.h(1200): error C4430: missing type specifier - int assumed. Note: C++ does not support default-int
d:\windows kits\10\include\10.0.17763.0\um\gl\gl.h(1200): error C2086: 'int WINGDIAPI': redefinition
  d:\windows kits\10\include\10.0.17763.0\um\gl\gl.h(1157): note: see declaration of 'WINGDIAPI'
d:\windows kits\10\include\10.0.17763.0\um\gl\gl.h(1201): error C2144: syntax error: 'void' should be preceded by ';'
d:\windows kits\10\include\10.0.17763.0\um\gl\gl.h(1201): error C4430: missing type specifier - int assumed. Note: C++ does not support default-int
d:\windows kits\10\include\10.0.17763.0\um\gl\gl.h(1201): error C2086: 'int WINGDIAPI': redefinition
  d:\windows kits\10\include\10.0.17763.0\um\gl\gl.h(1157): note: see declaration of 'WINGDIAPI'
d:\windows kits\10\include\10.0.17763.0\um\gl\gl.h(1202): error C2144: syntax error: 'void' should be preceded by ';'
d:\windows kits\10\include\10.0.17763.0\um\gl\gl.h(1202): error C4430: missing type specifier - int assumed. Note: C++ does not support default-int
d:\windows kits\10\include\10.0.17763.0\um\gl\gl.h(1202): error C2086: 'int WINGDIAPI': redefinition
  d:\windows kits\10\include\10.0.17763.0\um\gl\gl.h(1157): note: see declaration of 'WINGDIAPI'
d:\windows kits\10\include\10.0.17763.0\um\gl\gl.h(1203): error C2144: syntax error: 'void' should be preceded by ';'
d:\windows kits\10\include\10.0.17763.0\um\gl\gl.h(1203): error C4430: missing type specifier - int assumed. Note: C++ does not support default-int
d:\windows kits\10\include\10.0.17763.0\um\gl\gl.h(1203): error C2086: 'int WINGDIAPI': redefinition
  d:\windows kits\10\include\10.0.17763.0\um\gl\gl.h(1157): note: see declaration of 'WINGDIAPI'
d:\windows kits\10\include\10.0.17763.0\um\gl\gl.h(1204): error C2144: syntax error: 'void' should be preceded by ';'
d:\windows kits\10\include\10.0.17763.0\um\gl\gl.h(1204): error C4430: missing type specifier - int assumed. Note: C++ does not support default-int
d:\windows kits\10\include\10.0.17763.0\um\gl\gl.h(1204): error C2086: 'int WINGDIAPI': redefinition
  d:\windows kits\10\include\10.0.17763.0\um\gl\gl.h(1157): note: see declaration of 'WINGDIAPI'
d:\windows kits\10\include\10.0.17763.0\um\gl\gl.h(1205): error C2144: syntax error: 'void' should be preceded by ';'
d:\windows kits\10\include\10.0.17763.0\um\gl\gl.h(1205): error C4430: missing type specifier - int assumed. Note: C++ does not support default-int
d:\windows kits\10\include\10.0.17763.0\um\gl\gl.h(1205): error C2086: 'int WINGDIAPI': redefinition
  d:\windows kits\10\include\10.0.17763.0\um\gl\gl.h(1157): note: see declaration of 'WINGDIAPI'
d:\windows kits\10\include\10.0.17763.0\um\gl\gl.h(1206): error C2144: syntax error: 'void' should be preceded by ';'
d:\windows kits\10\include\10.0.17763.0\um\gl\gl.h(1206): error C4430: missing type specifier - int assumed. Note: C++ does not support default-int
d:\windows kits\10\include\10.0.17763.0\um\gl\gl.h(1206): error C2086: 'int WINGDIAPI': redefinition
  d:\windows kits\10\include\10.0.17763.0\um\gl\gl.h(1157): note: see declaration of 'WINGDIAPI'
d:\windows kits\10\include\10.0.17763.0\um\gl\gl.h(1207): error C2144: syntax error: 'void' should be preceded by ';'
d:\windows kits\10\include\10.0.17763.0\um\gl\gl.h(1207): error C4430: missing type specifier - int assumed. Note: C++ does not support default-int
d:\windows kits\10\include\10.0.17763.0\um\gl\gl.h(1207): error C2086: 'int WINGDIAPI': redefinition
  d:\windows kits\10\include\10.0.17763.0\um\gl\gl.h(1157): note: see declaration of 'WINGDIAPI'
d:\windows kits\10\include\10.0.17763.0\um\gl\gl.h(1207): fatal error C1003: error count exceeds 100; stopping compilation
  SceneParser.cpp
d:\windows kits\10\include\10.0.17763.0\um\gl\gl.h(1157): error C2144: syntax error: 'void' should be preceded by ';'
d:\windows kits\10\include\10.0.17763.0\um\gl\gl.h(1157): error C4430: missing type specifier - int assumed. Note: C++ does not support default-int
d:\windows kits\10\include\10.0.17763.0\um\gl\gl.h(1158): error C2144: syntax error: 'void' should be preceded by ';'
d:\windows kits\10\include\10.0.17763.0\um\gl\gl.h(1158): error C4430: missing type specifier - int assumed. Note: C++ does not support default-int
d:\windows kits\10\include\10.0.17763.0\um\gl\gl.h(1158): error C2086: 'int WINGDIAPI': redefinition
  d:\windows kits\10\include\10.0.17763.0\um\gl\gl.h(1157): note: see declaration of 'WINGDIAPI'
d:\windows kits\10\include\10.0.17763.0\um\gl\gl.h(1159): error C4430: missing type specifier - int assumed. Note: C++ does not support default-int
d:\windows kits\10\include\10.0.17763.0\um\gl\gl.h(1159): error C2086: 'int WINGDIAPI': redefinition
  d:\windows kits\10\include\10.0.17763.0\um\gl\gl.h(1157): note: see declaration of 'WINGDIAPI'
d:\windows kits\10\include\10.0.17763.0\um\gl\gl.h(1159): error C2146: syntax error: missing ';' before identifier 'GLboolean'
d:\windows kits\10\include\10.0.17763.0\um\gl\gl.h(1160): error C2144: syntax error: 'void' should be preceded by ';'
d:\windows kits\10\include\10.0.17763.0\um\gl\gl.h(1160): error C4430: missing type specifier - int assumed. Note: C++ does not support default-int
d:\windows kits\10\include\10.0.17763.0\um\gl\gl.h(1160): error C2086: 'int WINGDIAPI': redefinition
  d:\windows kits\10\include\10.0.17763.0\um\gl\gl.h(1157): note: see declaration of 'WINGDIAPI'
d:\windows kits\10\include\10.0.17763.0\um\gl\gl.h(1161): error C2144: syntax error: 'void' should be preceded by ';'
d:\windows kits\10\include\10.0.17763.0\um\gl\gl.h(1161): error C4430: missing type specifier - int assumed. Note: C++ does not support default-int
d:\windows kits\10\include\10.0.17763.0\um\gl\gl.h(1161): error C2086: 'int WINGDIAPI': redefinition
  d:\windows kits\10\include\10.0.17763.0\um\gl\gl.h(1157): note: see declaration of 'WINGDIAPI'
d:\windows kits\10\include\10.0.17763.0\um\gl\gl.h(1162): error C2144: syntax error: 'void' should be preceded by ';'
d:\windows kits\10\include\10.0.17763.0\um\gl\gl.h(1162): error C4430: missing type specifier - int assumed. Note: C++ does not support default-int
d:\windows kits\10\include\10.0.17763.0\um\gl\gl.h(1162): error C2086: 'int WINGDIAPI': redefinition
  d:\windows kits\10\include\10.0.17763.0\um\gl\gl.h(1157): note: see declaration of 'WINGDIAPI'
d:\windows kits\10\include\10.0.17763.0\um\gl\gl.h(1163): error C2144: syntax error: 'void' should be preceded by ';'
d:\windows kits\10\include\10.0.17763.0\um\gl\gl.h(1163): error C4430: missing type specifier - int assumed. Note: C++ does not support default-int
d:\windows kits\10\include\10.0.17763.0\um\gl\gl.h(1163): error C2086: 'int WINGDIAPI': redefinition
  d:\windows kits\10\include\10.0.17763.0\um\gl\gl.h(1157): note: see declaration of 'WINGDIAPI'
d:\windows kits\10\include\10.0.17763.0\um\gl\gl.h(1164): error C2144: syntax error: 'void' should be preceded by ';'
d:\windows kits\10\include\10.0.17763.0\um\gl\gl.h(1164): error C4430: missing type specifier - int assumed. Note: C++ does not support default-int
d:\windows kits\10\include\10.0.17763.0\um\gl\gl.h(1164): error C2086: 'int WINGDIAPI': redefinition
  d:\windows kits\10\include\10.0.17763.0\um\gl\gl.h(1157): note: see declaration of 'WINGDIAPI'
d:\windows kits\10\include\10.0.17763.0\um\gl\gl.h(1165): error C2144: syntax error: 'void' should be preceded by ';'
d:\windows kits\10\include\10.0.17763.0\um\gl\gl.h(1165): error C4430: missing type specifier - int assumed. Note: C++ does not support default-int
d:\windows kits\10\include\10.0.17763.0\um\gl\gl.h(1165): error C2086: 'int WINGDIAPI': redefinition
  d:\windows kits\10\include\10.0.17763.0\um\gl\gl.h(1157): note: see declaration of 'WINGDIAPI'
d:\windows kits\10\include\10.0.17763.0\um\gl\gl.h(1166): error C2144: syntax error: 'void' should be preceded by ';'
d:\windows kits\10\include\10.0.17763.0\um\gl\gl.h(1166): error C4430: missing type specifier - int assumed. Note: C++ does not support default-int
d:\windows kits\10\include\10.0.17763.0\um\gl\gl.h(1166): error C2086: 'int WINGDIAPI': redefinition
  d:\windows kits\10\include\10.0.17763.0\um\gl\gl.h(1157): note: see declaration of 'WINGDIAPI'
d:\windows kits\10\include\10.0.17763.0\um\gl\gl.h(1167): error C2144: syntax error: 'void' should be preceded by ';'
d:\windows kits\10\include\10.0.17763.0\um\gl\gl.h(1167): error C4430: missing type specifier - int assumed. Note: C++ does not support default-int
d:\windows kits\10\include\10.0.17763.0\um\gl\gl.h(1167): error C2086: 'int WINGDIAPI': redefinition
  d:\windows kits\10\include\10.0.17763.0\um\gl\gl.h(1157): note: see declaration of 'WINGDIAPI'
d:\windows kits\10\include\10.0.17763.0\um\gl\gl.h(1168): error C2144: syntax error: 'void' should be preceded by ';'
d:\windows kits\10\include\10.0.17763.0\um\gl\gl.h(1168): error C4430: missing type specifier - int assumed. Note: C++ does not support default-int
d:\windows kits\10\include\10.0.17763.0\um\gl\gl.h(1168): error C2086: 'int WINGDIAPI': redefinition
  d:\windows kits\10\include\10.0.17763.0\um\gl\gl.h(1157): note: see declaration of 'WINGDIAPI'
d:\windows kits\10\include\10.0.17763.0\um\gl\gl.h(1169): error C2144: syntax error: 'void' should be preceded by ';'
d:\windows kits\10\include\10.0.17763.0\um\gl\gl.h(1169): error C4430: missing type specifier - int assumed. Note: C++ does not support default-int
d:\windows kits\10\include\10.0.17763.0\um\gl\gl.h(1169): error C2086: 'int WINGDIAPI': redefinition
  d:\windows kits\10\include\10.0.17763.0\um\gl\gl.h(1157): note: see declaration of 'WINGDIAPI'
d:\windows kits\10\include\10.0.17763.0\um\gl\gl.h(1170): error C2144: syntax error: 'void' should be preceded by ';'
d:\windows kits\10\include\10.0.17763.0\um\gl\gl.h(1170): error C4430: missing type specifier - int assumed. Note: C++ does not support default-int
d:\windows kits\10\include\10.0.17763.0\um\gl\gl.h(1170): error C2086: 'int WINGDIAPI': redefinition
  d:\windows kits\10\include\10.0.17763.0\um\gl\gl.h(1157): note: see declaration of 'WINGDIAPI'
d:\windows kits\10\include\10.0.17763.0\um\gl\gl.h(1171): error C2144: syntax error: 'void' should be preceded by ';'
d:\windows kits\10\include\10.0.17763.0\um\gl\gl.h(1171): error C4430: missing type specifier - int assumed. Note: C++ does not support default-int
d:\windows kits\10\include\10.0.17763.0\um\gl\gl.h(1171): error C2086: 'int WINGDIAPI': redefinition
  d:\windows kits\10\include\10.0.17763.0\um\gl\gl.h(1157): note: see declaration of 'WINGDIAPI'
d:\windows kits\10\include\10.0.17763.0\um\gl\gl.h(1172): error C2144: syntax error: 'void' should be preceded by ';'
d:\windows kits\10\include\10.0.17763.0\um\gl\gl.h(1172): error C4430: missing type specifier - int assumed. Note: C++ does not support default-int
d:\windows kits\10\include\10.0.17763.0\um\gl\gl.h(1172): error C2086: 'int WINGDIAPI': redefinition
  d:\windows kits\10\include\10.0.17763.0\um\gl\gl.h(1157): note: see declaration of 'WINGDIAPI'
d:\windows kits\10\include\10.0.17763.0\um\gl\gl.h(1173): error C2144: syntax error: 'void' should be preceded by ';'
d:\windows kits\10\include\10.0.17763.0\um\gl\gl.h(1173): error C4430: missing type specifier - int assumed. Note: C++ does not support default-int
d:\windows kits\10\include\10.0.17763.0\um\gl\gl.h(1173): error C2086: 'int WINGDIAPI': redefinition
  d:\windows kits\10\include\10.0.17763.0\um\gl\gl.h(1157): note: see declaration of 'WINGDIAPI'
d:\windows kits\10\include\10.0.17763.0\um\gl\gl.h(1174): error C2144: syntax error: 'void' should be preceded by ';'
d:\windows kits\10\include\10.0.17763.0\um\gl\gl.h(1174): error C4430: missing type specifier - int assumed. Note: C++ does not support default-int
d:\windows kits\10\include\10.0.17763.0\um\gl\gl.h(1174): error C2086: 'int WINGDIAPI': redefinition
  d:\windows kits\10\include\10.0.17763.0\um\gl\gl.h(1157): note: see declaration of 'WINGDIAPI'
d:\windows kits\10\include\10.0.17763.0\um\gl\gl.h(1175): error C2144: syntax error: 'void' should be preceded by ';'
d:\windows kits\10\include\10.0.17763.0\um\gl\gl.h(1175): error C4430: missing type specifier - int assumed. Note: C++ does not support default-int
d:\windows kits\10\include\10.0.17763.0\um\gl\gl.h(1175): error C2086: 'int WINGDIAPI': redefinition
  d:\windows kits\10\include\10.0.17763.0\um\gl\gl.h(1157): note: see declaration of 'WINGDIAPI'
d:\windows kits\10\include\10.0.17763.0\um\gl\gl.h(1176): error C2144: syntax error: 'void' should be preceded by ';'
d:\windows kits\10\include\10.0.17763.0\um\gl\gl.h(1176): error C4430: missing type specifier - int assumed. Note: C++ does not support default-int
d:\windows kits\10\include\10.0.17763.0\um\gl\gl.h(1176): error C2086: 'int WINGDIAPI': redefinition
  d:\windows kits\10\include\10.0.17763.0\um\gl\gl.h(1157): note: see declaration of 'WINGDIAPI'
d:\windows kits\10\include\10.0.17763.0\um\gl\gl.h(1177): error C2144: syntax error: 'void' should be preceded by ';'
d:\windows kits\10\include\10.0.17763.0\um\gl\gl.h(1177): error C4430: missing type specifier - int assumed. Note: C++ does not support default-int
d:\windows kits\10\include\10.0.17763.0\um\gl\gl.h(1177): error C2086: 'int WINGDIAPI': redefinition
  d:\windows kits\10\include\10.0.17763.0\um\gl\gl.h(1157): note: see declaration of 'WINGDIAPI'
d:\windows kits\10\include\10.0.17763.0\um\gl\gl.h(1178): error C2144: syntax error: 'void' should be preceded by ';'
d:\windows kits\10\include\10.0.17763.0\um\gl\gl.h(1178): error C4430: missing type specifier - int assumed. Note: C++ does not support default-int
d:\windows kits\10\include\10.0.17763.0\um\gl\gl.h(1178): error C2086: 'int WINGDIAPI': redefinition
  d:\windows kits\10\include\10.0.17763.0\um\gl\gl.h(1157): note: see declaration of 'WINGDIAPI'
d:\windows kits\10\include\10.0.17763.0\um\gl\gl.h(1179): error C2144: syntax error: 'void' should be preceded by ';'
d:\windows kits\10\include\10.0.17763.0\um\gl\gl.h(1179): error C4430: missing type specifier - int assumed. Note: C++ does not support default-int
d:\windows kits\10\include\10.0.17763.0\um\gl\gl.h(1179): error C2086: 'int WINGDIAPI': redefinition
  d:\windows kits\10\include\10.0.17763.0\um\gl\gl.h(1157): note: see declaration of 'WINGDIAPI'
d:\windows kits\10\include\10.0.17763.0\um\gl\gl.h(1180): error C2144: syntax error: 'void' should be preceded by ';'
d:\windows kits\10\include\10.0.17763.0\um\gl\gl.h(1180): error C4430: missing type specifier - int assumed. Note: C++ does not support default-int
d:\windows kits\10\include\10.0.17763.0\um\gl\gl.h(1180): error C2086: 'int WINGDIAPI': redefinition
  d:\windows kits\10\include\10.0.17763.0\um\gl\gl.h(1157): note: see declaration of 'WINGDIAPI'
d:\windows kits\10\include\10.0.17763.0\um\gl\gl.h(1181): error C2144: syntax error: 'void' should be preceded by ';'
d:\windows kits\10\include\10.0.17763.0\um\gl\gl.h(1181): error C4430: missing type specifier - int assumed. Note: C++ does not support default-int
d:\windows kits\10\include\10.0.17763.0\um\gl\gl.h(1181): error C2086: 'int WINGDIAPI': redefinition
  d:\windows kits\10\include\10.0.17763.0\um\gl\gl.h(1157): note: see declaration of 'WINGDIAPI'
d:\windows kits\10\include\10.0.17763.0\um\gl\gl.h(1182): error C2144: syntax error: 'void' should be preceded by ';'
d:\windows kits\10\include\10.0.17763.0\um\gl\gl.h(1182): error C4430: missing type specifier - int assumed. Note: C++ does not support default-int
d:\windows kits\10\include\10.0.17763.0\um\gl\gl.h(1182): error C2086: 'int WINGDIAPI': redefinition
  d:\windows kits\10\include\10.0.17763.0\um\gl\gl.h(1157): note: see declaration of 'WINGDIAPI'
d:\windows kits\10\include\10.0.17763.0\um\gl\gl.h(1183): error C2144: syntax error: 'void' should be preceded by ';'
d:\windows kits\10\include\10.0.17763.0\um\gl\gl.h(1183): error C4430: missing type specifier - int assumed. Note: C++ does not support default-int
d:\windows kits\10\include\10.0.17763.0\um\gl\gl.h(1183): error C2086: 'int WINGDIAPI': redefinition
  d:\windows kits\10\include\10.0.17763.0\um\gl\gl.h(1157): note: see declaration of 'WINGDIAPI'
d:\windows kits\10\include\10.0.17763.0\um\gl\gl.h(1184): error C2144: syntax error: 'void' should be preceded by ';'
d:\windows kits\10\include\10.0.17763.0\um\gl\gl.h(1184): error C4430: missing type specifier - int assumed. Note: C++ does not support default-int
d:\windows kits\10\include\10.0.17763.0\um\gl\gl.h(1184): error C2086: 'int WINGDIAPI': redefinition
  d:\windows kits\10\include\10.0.17763.0\um\gl\gl.h(1157): note: see declaration of 'WINGDIAPI'
d:\windows kits\10\include\10.0.17763.0\um\gl\gl.h(1185): error C2144: syntax error: 'void' should be preceded by ';'
d:\windows kits\10\include\10.0.17763.0\um\gl\gl.h(1185): error C4430: missing type specifier - int assumed. Note: C++ does not support default-int
d:\windows kits\10\include\10.0.17763.0\um\gl\gl.h(1185): error C2086: 'int WINGDIAPI': redefinition
  d:\windows kits\10\include\10.0.17763.0\um\gl\gl.h(1157): note: see declaration of 'WINGDIAPI'
d:\windows kits\10\include\10.0.17763.0\um\gl\gl.h(1186): error C2144: syntax error: 'void' should be preceded by ';'
d:\windows kits\10\include\10.0.17763.0\um\gl\gl.h(1186): error C4430: missing type specifier - int assumed. Note: C++ does not support default-int
d:\windows kits\10\include\10.0.17763.0\um\gl\gl.h(1186): error C2086: 'int WINGDIAPI': redefinition
  d:\windows kits\10\include\10.0.17763.0\um\gl\gl.h(1157): note: see declaration of 'WINGDIAPI'
d:\windows kits\10\include\10.0.17763.0\um\gl\gl.h(1187): error C2144: syntax error: 'void' should be preceded by ';'
d:\windows kits\10\include\10.0.17763.0\um\gl\gl.h(1187): error C4430: missing type specifier - int assumed. Note: C++ does not support default-int
d:\windows kits\10\include\10.0.17763.0\um\gl\gl.h(1187): error C2086: 'int WINGDIAPI': redefinition
  d:\windows kits\10\include\10.0.17763.0\um\gl\gl.h(1157): note: see declaration of 'WINGDIAPI'
d:\windows kits\10\include\10.0.17763.0\um\gl\gl.h(1188): error C2144: syntax error: 'void' should be preceded by ';'
d:\windows kits\10\include\10.0.17763.0\um\gl\gl.h(1188): error C4430: missing type specifier - int assumed. Note: C++ does not support default-int
d:\windows kits\10\include\10.0.17763.0\um\gl\gl.h(1188): error C2086: 'int WINGDIAPI': redefinition
  d:\windows kits\10\include\10.0.17763.0\um\gl\gl.h(1157): note: see declaration of 'WINGDIAPI'
d:\windows kits\10\include\10.0.17763.0\um\gl\gl.h(1189): error C2144: syntax error: 'void' should be preceded by ';'
d:\windows kits\10\include\10.0.17763.0\um\gl\gl.h(1189): error C4430: missing type specifier - int assumed. Note: C++ does not support default-int
d:\windows kits\10\include\10.0.17763.0\um\gl\gl.h(1189): error C2086: 'int WINGDIAPI': redefinition
  d:\windows kits\10\include\10.0.17763.0\um\gl\gl.h(1157): note: see declaration of 'WINGDIAPI'
d:\windows kits\10\include\10.0.17763.0\um\gl\gl.h(1190): error C2144: syntax error: 'void' should be preceded by ';'
d:\windows kits\10\include\10.0.17763.0\um\gl\gl.h(1190): error C4430: missing type specifier - int assumed. Note: C++ does not support default-int
d:\windows kits\10\include\10.0.17763.0\um\gl\gl.h(1190): error C2086: 'int WINGDIAPI': redefinition
  d:\windows kits\10\include\10.0.17763.0\um\gl\gl.h(1157): note: see declaration of 'WINGDIAPI'
d:\windows kits\10\include\10.0.17763.0\um\gl\gl.h(1191): error C2144: syntax error: 'void' should be preceded by ';'
d:\windows kits\10\include\10.0.17763.0\um\gl\gl.h(1191): error C4430: missing type specifier - int assumed. Note: C++ does not support default-int
d:\windows kits\10\include\10.0.17763.0\um\gl\gl.h(1191): error C2086: 'int WINGDIAPI': redefinition
  d:\windows kits\10\include\10.0.17763.0\um\gl\gl.h(1157): note: see declaration of 'WINGDIAPI'
d:\windows kits\10\include\10.0.17763.0\um\gl\gl.h(1192): error C2144: syntax error: 'void' should be preceded by ';'
d:\windows kits\10\include\10.0.17763.0\um\gl\gl.h(1192): error C4430: missing type specifier - int assumed. Note: C++ does not support default-int
d:\windows kits\10\include\10.0.17763.0\um\gl\gl.h(1192): error C2086: 'int WINGDIAPI': redefinition
  d:\windows kits\10\include\10.0.17763.0\um\gl\gl.h(1157): note: see declaration of 'WINGDIAPI'
d:\windows kits\10\include\10.0.17763.0\um\gl\gl.h(1193): error C2144: syntax error: 'void' should be preceded by ';'
d:\windows kits\10\include\10.0.17763.0\um\gl\gl.h(1193): error C4430: missing type specifier - int assumed. Note: C++ does not support default-int
d:\windows kits\10\include\10.0.17763.0\um\gl\gl.h(1193): error C2086: 'int WINGDIAPI': redefinition
  d:\windows kits\10\include\10.0.17763.0\um\gl\gl.h(1157): note: see declaration of 'WINGDIAPI'
d:\windows kits\10\include\10.0.17763.0\um\gl\gl.h(1194): error C2144: syntax error: 'void' should be preceded by ';'
d:\windows kits\10\include\10.0.17763.0\um\gl\gl.h(1194): error C4430: missing type specifier - int assumed. Note: C++ does not support default-int
d:\windows kits\10\include\10.0.17763.0\um\gl\gl.h(1194): error C2086: 'int WINGDIAPI': redefinition
  d:\windows kits\10\include\10.0.17763.0\um\gl\gl.h(1157): note: see declaration of 'WINGDIAPI'
d:\windows kits\10\include\10.0.17763.0\um\gl\gl.h(1195): error C2144: syntax error: 'void' should be preceded by ';'
d:\windows kits\10\include\10.0.17763.0\um\gl\gl.h(1195): error C4430: missing type specifier - int assumed. Note: C++ does not support default-int
d:\windows kits\10\include\10.0.17763.0\um\gl\gl.h(1195): error C2086: 'int WINGDIAPI': redefinition
  d:\windows kits\10\include\10.0.17763.0\um\gl\gl.h(1157): note: see declaration of 'WINGDIAPI'
d:\windows kits\10\include\10.0.17763.0\um\gl\gl.h(1196): error C2144: syntax error: 'void' should be preceded by ';'
d:\windows kits\10\include\10.0.17763.0\um\gl\gl.h(1196): error C4430: missing type specifier - int assumed. Note: C++ does not support default-int
d:\windows kits\10\include\10.0.17763.0\um\gl\gl.h(1196): error C2086: 'int WINGDIAPI': redefinition
  d:\windows kits\10\include\10.0.17763.0\um\gl\gl.h(1157): note: see declaration of 'WINGDIAPI'
d:\windows kits\10\include\10.0.17763.0\um\gl\gl.h(1197): error C2144: syntax error: 'void' should be preceded by ';'
d:\windows kits\10\include\10.0.17763.0\um\gl\gl.h(1197): error C4430: missing type specifier - int assumed. Note: C++ does not support default-int
d:\windows kits\10\include\10.0.17763.0\um\gl\gl.h(1197): error C2086: 'int WINGDIAPI': redefinition
  d:\windows kits\10\include\10.0.17763.0\um\gl\gl.h(1157): note: see declaration of 'WINGDIAPI'
d:\windows kits\10\include\10.0.17763.0\um\gl\gl.h(1198): error C2144: syntax error: 'void' should be preceded by ';'
d:\windows kits\10\include\10.0.17763.0\um\gl\gl.h(1198): error C4430: missing type specifier - int assumed. Note: C++ does not support default-int
d:\windows kits\10\include\10.0.17763.0\um\gl\gl.h(1198): error C2086: 'int WINGDIAPI': redefinition
  d:\windows kits\10\include\10.0.17763.0\um\gl\gl.h(1157): note: see declaration of 'WINGDIAPI'
d:\windows kits\10\include\10.0.17763.0\um\gl\gl.h(1199): error C2144: syntax error: 'void' should be preceded by ';'
d:\windows kits\10\include\10.0.17763.0\um\gl\gl.h(1199): error C4430: missing type specifier - int assumed. Note: C++ does not support default-int
d:\windows kits\10\include\10.0.17763.0\um\gl\gl.h(1199): error C2086: 'int WINGDIAPI': redefinition
  d:\windows kits\10\include\10.0.17763.0\um\gl\gl.h(1157): note: see declaration of 'WINGDIAPI'
d:\windows kits\10\include\10.0.17763.0\um\gl\gl.h(1200): error C2144: syntax error: 'void' should be preceded by ';'
d:\windows kits\10\include\10.0.17763.0\um\gl\gl.h(1200): error C4430: missing type specifier - int assumed. Note: C++ does not support default-int
d:\windows kits\10\include\10.0.17763.0\um\gl\gl.h(1200): error C2086: 'int WINGDIAPI': redefinition
  d:\windows kits\10\include\10.0.17763.0\um\gl\gl.h(1157): note: see declaration of 'WINGDIAPI'
d:\windows kits\10\include\10.0.17763.0\um\gl\gl.h(1201): error C2144: syntax error: 'void' should be preceded by ';'
d:\windows kits\10\include\10.0.17763.0\um\gl\gl.h(1201): error C4430: missing type specifier - int assumed. Note: C++ does not support default-int
d:\windows kits\10\include\10.0.17763.0\um\gl\gl.h(1201): error C2086: 'int WINGDIAPI': redefinition
  d:\windows kits\10\include\10.0.17763.0\um\gl\gl.h(1157): note: see declaration of 'WINGDIAPI'
d:\windows kits\10\include\10.0.17763.0\um\gl\gl.h(1202): error C2144: syntax error: 'void' should be preceded by ';'
d:\windows kits\10\include\10.0.17763.0\um\gl\gl.h(1202): error C4430: missing type specifier - int assumed. Note: C++ does not support default-int
d:\windows kits\10\include\10.0.17763.0\um\gl\gl.h(1202): error C2086: 'int WINGDIAPI': redefinition
  d:\windows kits\10\include\10.0.17763.0\um\gl\gl.h(1157): note: see declaration of 'WINGDIAPI'
d:\windows kits\10\include\10.0.17763.0\um\gl\gl.h(1203): error C2144: syntax error: 'void' should be preceded by ';'
d:\windows kits\10\include\10.0.17763.0\um\gl\gl.h(1203): error C4430: missing type specifier - int assumed. Note: C++ does not support default-int
d:\windows kits\10\include\10.0.17763.0\um\gl\gl.h(1203): error C2086: 'int WINGDIAPI': redefinition
  d:\windows kits\10\include\10.0.17763.0\um\gl\gl.h(1157): note: see declaration of 'WINGDIAPI'
d:\windows kits\10\include\10.0.17763.0\um\gl\gl.h(1204): error C2144: syntax error: 'void' should be preceded by ';'
d:\windows kits\10\include\10.0.17763.0\um\gl\gl.h(1204): error C4430: missing type specifier - int assumed. Note: C++ does not support default-int
d:\windows kits\10\include\10.0.17763.0\um\gl\gl.h(1204): error C2086: 'int WINGDIAPI': redefinition
  d:\windows kits\10\include\10.0.17763.0\um\gl\gl.h(1157): note: see declaration of 'WINGDIAPI'
d:\windows kits\10\include\10.0.17763.0\um\gl\gl.h(1205): error C2144: syntax error: 'void' should be preceded by ';'
d:\windows kits\10\include\10.0.17763.0\um\gl\gl.h(1205): error C4430: missing type specifier - int assumed. Note: C++ does not support default-int
d:\windows kits\10\include\10.0.17763.0\um\gl\gl.h(1205): error C2086: 'int WINGDIAPI': redefinition
  d:\windows kits\10\include\10.0.17763.0\um\gl\gl.h(1157): note: see declaration of 'WINGDIAPI'
d:\windows kits\10\include\10.0.17763.0\um\gl\gl.h(1206): error C2144: syntax error: 'void' should be preceded by ';'
d:\windows kits\10\include\10.0.17763.0\um\gl\gl.h(1206): error C4430: missing type specifier - int assumed. Note: C++ does not support default-int
d:\windows kits\10\include\10.0.17763.0\um\gl\gl.h(1206): error C2086: 'int WINGDIAPI': redefinition
  d:\windows kits\10\include\10.0.17763.0\um\gl\gl.h(1157): note: see declaration of 'WINGDIAPI'
d:\windows kits\10\include\10.0.17763.0\um\gl\gl.h(1207): error C2144: syntax error: 'void' should be preceded by ';'
d:\windows kits\10\include\10.0.17763.0\um\gl\gl.h(1207): error C4430: missing type specifier - int assumed. Note: C++ does not support default-int
d:\windows kits\10\include\10.0.17763.0\um\gl\gl.h(1207): error C2086: 'int WINGDIAPI': redefinition
  d:\windows kits\10\include\10.0.17763.0\um\gl\gl.h(1157): note: see declaration of 'WINGDIAPI'
d:\windows kits\10\include\10.0.17763.0\um\gl\gl.h(1207): fatal error C1003: error count exceeds 100; stopping compilation
  Generating Code...
